#
# There is insufficient memory for the Java Runtime Environment to continue.
# Native memory allocation (mmap) failed to map 70254592 bytes for G1 virtual space
# Possible reasons:
#   The system is out of physical RAM or swap space
#   The process is running with CompressedOops enabled, and the Java Heap may be blocking the growth of the native heap
# Possible solutions:
#   Reduce memory load on the system
#   Increase physical memory or swap space
#   Check if swap backing store is full
#   Decrease Java heap size (-Xmx/-Xms)
#   Decrease number of Java threads
#   Decrease Java thread stack sizes (-Xss)
#   Set larger code cache with -XX:ReservedCodeCacheSize=
#   JVM is running with Unscaled Compressed Oops mode in which the Java heap is
#     placed in the first 4GB address space. The Java Heap base address is the
#     maximum limit for the native heap growth. Please use -XX:HeapBaseMinAddress
#     to set the Java Heap base and to place the Java Heap above 4GB virtual address.
# This output file may be truncated or incomplete.
#
#  Out of Memory Error (os_windows.cpp:3771), pid=13528, tid=20684
#
# JRE version: OpenJDK Runtime Environment (17.0.7) (build 17.0.7+0-b2043.56-10550314)
# Java VM: OpenJDK 64-Bit Server VM (17.0.7+0-b2043.56-10550314, mixed mode, tiered, compressed oops, compressed class ptrs, g1 gc, windows-amd64)
# No core dump will be written. Minidumps are not enabled by default on client versions of Windows
#

---------------  S U M M A R Y ------------

Command Line: org.jetbrains.kotlin.cli.jvm.K2JVMCompiler @C:\Users\Taufique Alam\AndroidStudioProjects\WeekWatch\app\build\20240122_15598000861504422992.compiler.options

Host: 11th Gen Intel(R) Core(TM) i3-1115G4 @ 3.00GHz, 4 cores, 7G,  Windows 11 , 64 bit Build 22621 (10.0.22621.2506)
Time: Mon Jan 22 15:03:48 2024 India Standard Time elapsed time: 5.365567 seconds (0d 0h 0m 5s)

---------------  T H R E A D  ---------------

Current thread (0x00000205a8a6b6f0):  VMThread "VM Thread" [stack: 0x00000039f6a00000,0x00000039f6b00000] [id=20684]

Stack: [0x00000039f6a00000,0x00000039f6b00000]
Native frames: (J=compiled Java code, j=interpreted, Vv=VM code, C=native code)
V  [jvm.dll+0x683bfa]
V  [jvm.dll+0x8430a4]
V  [jvm.dll+0x8449be]
V  [jvm.dll+0x845023]
V  [jvm.dll+0x24ad2f]
V  [jvm.dll+0x680ac9]
V  [jvm.dll+0x67519a]
V  [jvm.dll+0x30b3cb]
V  [jvm.dll+0x312876]
V  [jvm.dll+0x36221e]
V  [jvm.dll+0x36244f]
V  [jvm.dll+0x2e14a8]
V  [jvm.dll+0x2df684]
V  [jvm.dll+0x2dec8c]
V  [jvm.dll+0x32382b]
V  [jvm.dll+0x8496eb]
V  [jvm.dll+0x84a424]
V  [jvm.dll+0x84a93d]
V  [jvm.dll+0x84ad14]
V  [jvm.dll+0x84ade0]
V  [jvm.dll+0x7f2aea]
V  [jvm.dll+0x682a35]
C  [ucrtbase.dll+0x29363]
C  [KERNEL32.DLL+0x1257d]
C  [ntdll.dll+0x5aa58]

VM_Operation (0x00000039f64fca00): G1CollectForAllocation, mode: safepoint, requested by thread 0x000002058f65fb30


---------------  P R O C E S S  ---------------

Threads class SMR info:
_java_thread_list=0x00000205ad7bdb00, length=13, elements={
0x000002058f65fb30, 0x00000205a8a6e950, 0x00000205a8a6f410, 0x00000205a8a9d850,
0x00000205a8a9e310, 0x00000205ad026010, 0x00000205ad028c90, 0x00000205ad029930,
0x00000205ad03c7b0, 0x00000205ad0494f0, 0x00000205ad1abe20, 0x00000205ad1b69a0,
0x00000205ad7bf430
}

Java Threads: ( => current thread )
  0x000002058f65fb30 JavaThread "main" [_thread_blocked, id=17760, stack(0x00000039f6400000,0x00000039f6500000)]
  0x00000205a8a6e950 JavaThread "Reference Handler" daemon [_thread_blocked, id=12508, stack(0x00000039f6b00000,0x00000039f6c00000)]
  0x00000205a8a6f410 JavaThread "Finalizer" daemon [_thread_blocked, id=3156, stack(0x00000039f6c00000,0x00000039f6d00000)]
  0x00000205a8a9d850 JavaThread "Signal Dispatcher" daemon [_thread_blocked, id=14712, stack(0x00000039f6d00000,0x00000039f6e00000)]
  0x00000205a8a9e310 JavaThread "Attach Listener" daemon [_thread_blocked, id=21180, stack(0x00000039f6e00000,0x00000039f6f00000)]
  0x00000205ad026010 JavaThread "Service Thread" daemon [_thread_blocked, id=7200, stack(0x00000039f6f00000,0x00000039f7000000)]
  0x00000205ad028c90 JavaThread "Monitor Deflation Thread" daemon [_thread_blocked, id=18796, stack(0x00000039f7000000,0x00000039f7100000)]
  0x00000205ad029930 JavaThread "C2 CompilerThread0" daemon [_thread_blocked, id=12436, stack(0x00000039f7100000,0x00000039f7200000)]
  0x00000205ad03c7b0 JavaThread "C1 CompilerThread0" daemon [_thread_blocked, id=21968, stack(0x00000039f7200000,0x00000039f7300000)]
  0x00000205ad0494f0 JavaThread "Sweeper thread" daemon [_thread_blocked, id=8132, stack(0x00000039f7300000,0x00000039f7400000)]
  0x00000205ad1abe20 JavaThread "Notification Thread" daemon [_thread_blocked, id=2584, stack(0x00000039f7400000,0x00000039f7500000)]
  0x00000205ad1b69a0 JavaThread "Common-Cleaner" daemon [_thread_blocked, id=18956, stack(0x00000039f7600000,0x00000039f7700000)]
  0x00000205ad7bf430 JavaThread "C2 CompilerThread1" daemon [_thread_blocked, id=17788, stack(0x00000039f7a00000,0x00000039f7b00000)]

Other Threads:
=>0x00000205a8a6b6f0 VMThread "VM Thread" [stack: 0x00000039f6a00000,0x00000039f6b00000] [id=20684]
  0x00000205ad1ae300 WatcherThread [stack: 0x00000039f7500000,0x00000039f7600000] [id=6336]
  0x000002058f6ba3c0 GCTaskThread "GC Thread#0" [stack: 0x00000039f6500000,0x00000039f6600000] [id=22088]
  0x00000205ad5910b0 GCTaskThread "GC Thread#1" [stack: 0x00000039f7700000,0x00000039f7800000] [id=20240]
  0x00000205ad591360 GCTaskThread "GC Thread#2" [stack: 0x00000039f7800000,0x00000039f7900000] [id=16648]
  0x00000205ad5ef560 GCTaskThread "GC Thread#3" [stack: 0x00000039f7900000,0x00000039f7a00000] [id=20520]
  0x000002058f6cab50 ConcurrentGCThread "G1 Main Marker" [stack: 0x00000039f6600000,0x00000039f6700000] [id=2620]
  0x000002058f6cb470 ConcurrentGCThread "G1 Conc#0" [stack: 0x00000039f6700000,0x00000039f6800000] [id=5560]
  0x000002058f71e0e0 ConcurrentGCThread "G1 Refine#0" [stack: 0x00000039f6800000,0x00000039f6900000] [id=17712]
  0x00000205af6ca2d0 ConcurrentGCThread "G1 Refine#1" [stack: 0x00000039f7b00000,0x00000039f7c00000] [id=8156]
  0x000002058f71ea10 ConcurrentGCThread "G1 Service" [stack: 0x00000039f6900000,0x00000039f6a00000] [id=1160]

Threads with active compile tasks:
C2 CompilerThread0     5376 5246       4       org.jetbrains.org.objectweb.asm.ClassReader::readMethod (1061 bytes)
C2 CompilerThread1     5376 5321       4       org.jetbrains.kotlin.metadata.ProtoBuf$Type::getSerializedSize (393 bytes)

VM state: at safepoint (normal execution)

VM Mutex/Monitor currently owned by a thread:  ([mutex/lock_event])
[0x000002058f65c820] Threads_lock - owner thread: 0x00000205a8a6b6f0
[0x000002058f65d240] Heap_lock - owner thread: 0x000002058f65fb30

Heap address: 0x0000000083600000, size: 1994 MB, Compressed Oops mode: 32-bit

CDS archive(s) not mapped
Compressed class space mapped at: 0x0000000100000000-0x0000000140000000, reserved size: 1073741824
Narrow klass base: 0x0000000000000000, Narrow klass shift: 3, Narrow klass range: 0x140000000

GC Precious Log:
 CPUs: 4 total, 4 available
 Memory: 7975M
 Large Page Support: Disabled
 NUMA Support: Disabled
 Compressed Oops: Enabled (32-bit)
 Heap Region Size: 1M
 Heap Min Capacity: 8M
 Heap Initial Capacity: 126M
 Heap Max Capacity: 1994M
 Pre-touch: Disabled
 Parallel Workers: 4
 Concurrent Workers: 1
 Concurrent Refinement Workers: 4
 Periodic GC: Disabled

Heap:
 garbage-first heap   total 130048K, used 56530K [0x0000000083600000, 0x0000000100000000)
  region size 1024K, 4 young (4096K), 4 survivors (4096K)
 Metaspace       used 55382K, committed 55744K, reserved 1114112K
  class space    used 6591K, committed 6784K, reserved 1048576K

Heap Regions: E=young(eden), S=young(survivor), O=old, HS=humongous(starts), HC=humongous(continues), CS=collection set, F=free, OA=open archive, CA=closed archive, TAMS=top-at-mark-start (previous, next)
|   0|0x0000000083600000, 0x0000000083700000, 0x0000000083700000|100%|HS|  |TAMS 0x0000000083700000, 0x0000000083700000| Complete 
|   1|0x0000000083700000, 0x0000000083800000, 0x0000000083800000|100%|HC|  |TAMS 0x0000000083800000, 0x0000000083800000| Complete 
|   2|0x0000000083800000, 0x0000000083900000, 0x0000000083900000|100%|HC|  |TAMS 0x0000000083900000, 0x0000000083900000| Complete 
|   3|0x0000000083900000, 0x0000000083a00000, 0x0000000083a00000|100%|HC|  |TAMS 0x0000000083a00000, 0x0000000083a00000| Complete 
|   4|0x0000000083a00000, 0x0000000083b00000, 0x0000000083b00000|100%| O|  |TAMS 0x0000000083b00000, 0x0000000083b00000| Untracked 
|   5|0x0000000083b00000, 0x0000000083c00000, 0x0000000083c00000|100%| O|  |TAMS 0x0000000083c00000, 0x0000000083c00000| Untracked 
|   6|0x0000000083c00000, 0x0000000083d00000, 0x0000000083d00000|100%| O|  |TAMS 0x0000000083d00000, 0x0000000083d00000| Untracked 
|   7|0x0000000083d00000, 0x0000000083e00000, 0x0000000083e00000|100%|HS|  |TAMS 0x0000000083e00000, 0x0000000083e00000| Complete 
|   8|0x0000000083e00000, 0x0000000083f00000, 0x0000000083f00000|100%|HC|  |TAMS 0x0000000083f00000, 0x0000000083f00000| Complete 
|   9|0x0000000083f00000, 0x0000000084000000, 0x0000000084000000|100%|HC|  |TAMS 0x0000000084000000, 0x0000000084000000| Complete 
|  10|0x0000000084000000, 0x0000000084100000, 0x0000000084100000|100%|HC|  |TAMS 0x0000000084100000, 0x0000000084100000| Complete 
|  11|0x0000000084100000, 0x0000000084200000, 0x0000000084200000|100%| O|  |TAMS 0x0000000084200000, 0x0000000084200000| Untracked 
|  12|0x0000000084200000, 0x0000000084300000, 0x0000000084300000|100%| O|  |TAMS 0x0000000084300000, 0x0000000084300000| Untracked 
|  13|0x0000000084300000, 0x0000000084400000, 0x0000000084400000|100%| O|  |TAMS 0x0000000084400000, 0x0000000084400000| Untracked 
|  14|0x0000000084400000, 0x0000000084500000, 0x0000000084500000|100%| O|  |TAMS 0x0000000084500000, 0x0000000084500000| Untracked 
|  15|0x0000000084500000, 0x0000000084600000, 0x0000000084600000|100%| O|  |TAMS 0x0000000084600000, 0x0000000084600000| Untracked 
|  16|0x0000000084600000, 0x0000000084700000, 0x0000000084700000|100%| O|  |TAMS 0x0000000084700000, 0x0000000084700000| Untracked 
|  17|0x0000000084700000, 0x0000000084800000, 0x0000000084800000|100%| O|  |TAMS 0x0000000084800000, 0x0000000084800000| Untracked 
|  18|0x0000000084800000, 0x0000000084900000, 0x0000000084900000|100%| O|  |TAMS 0x0000000084900000, 0x0000000084900000| Untracked 
|  19|0x0000000084900000, 0x0000000084a00000, 0x0000000084a00000|100%| O|  |TAMS 0x0000000084a00000, 0x0000000084a00000| Untracked 
|  20|0x0000000084a00000, 0x0000000084b00000, 0x0000000084b00000|100%| O|  |TAMS 0x0000000084b00000, 0x0000000084b00000| Untracked 
|  21|0x0000000084b00000, 0x0000000084c00000, 0x0000000084c00000|100%| O|  |TAMS 0x0000000084c00000, 0x0000000084c00000| Untracked 
|  22|0x0000000084c00000, 0x0000000084d00000, 0x0000000084d00000|100%| O|  |TAMS 0x0000000084d00000, 0x0000000084d00000| Untracked 
|  23|0x0000000084d00000, 0x0000000084e00000, 0x0000000084e00000|100%| O|  |TAMS 0x0000000084e00000, 0x0000000084e00000| Untracked 
|  24|0x0000000084e00000, 0x0000000084f00000, 0x0000000084f00000|100%| O|  |TAMS 0x0000000084f00000, 0x0000000084f00000| Untracked 
|  25|0x0000000084f00000, 0x0000000085000000, 0x0000000085000000|100%| O|  |TAMS 0x0000000085000000, 0x0000000085000000| Untracked 
|  26|0x0000000085000000, 0x0000000085100000, 0x0000000085100000|100%| O|  |TAMS 0x0000000085100000, 0x0000000085100000| Untracked 
|  27|0x0000000085100000, 0x0000000085200000, 0x0000000085200000|100%| O|  |TAMS 0x0000000085200000, 0x0000000085200000| Untracked 
|  28|0x0000000085200000, 0x0000000085300000, 0x0000000085300000|100%| O|  |TAMS 0x0000000085300000, 0x0000000085300000| Untracked 
|  29|0x0000000085300000, 0x0000000085400000, 0x0000000085400000|100%| O|  |TAMS 0x0000000085400000, 0x0000000085400000| Untracked 
|  30|0x0000000085400000, 0x0000000085500000, 0x0000000085500000|100%| O|  |TAMS 0x0000000085500000, 0x0000000085500000| Untracked 
|  31|0x0000000085500000, 0x0000000085600000, 0x0000000085600000|100%| O|  |TAMS 0x0000000085600000, 0x0000000085600000| Untracked 
|  32|0x0000000085600000, 0x0000000085700000, 0x0000000085700000|100%| O|  |TAMS 0x0000000085700000, 0x0000000085700000| Untracked 
|  33|0x0000000085700000, 0x0000000085800000, 0x0000000085800000|100%| O|  |TAMS 0x0000000085800000, 0x0000000085800000| Untracked 
|  34|0x0000000085800000, 0x0000000085900000, 0x0000000085900000|100%| O|  |TAMS 0x0000000085900000, 0x0000000085900000| Untracked 
|  35|0x0000000085900000, 0x0000000085a00000, 0x0000000085a00000|100%| O|  |TAMS 0x0000000085a00000, 0x0000000085a00000| Untracked 
|  36|0x0000000085a00000, 0x0000000085b00000, 0x0000000085b00000|100%|HS|  |TAMS 0x0000000085b00000, 0x0000000085b00000| Complete 
|  37|0x0000000085b00000, 0x0000000085c00000, 0x0000000085c00000|100%|HC|  |TAMS 0x0000000085c00000, 0x0000000085c00000| Complete 
|  38|0x0000000085c00000, 0x0000000085d00000, 0x0000000085d00000|100%| O|  |TAMS 0x0000000085d00000, 0x0000000085d00000| Untracked 
|  39|0x0000000085d00000, 0x0000000085e00000, 0x0000000085e00000|100%| O|  |TAMS 0x0000000085e00000, 0x0000000085e00000| Untracked 
|  40|0x0000000085e00000, 0x0000000085f00000, 0x0000000085f00000|100%| O|  |TAMS 0x0000000085f00000, 0x0000000085f00000| Untracked 
|  41|0x0000000085f00000, 0x0000000086000000, 0x0000000086000000|100%| O|  |TAMS 0x0000000086000000, 0x0000000086000000| Untracked 
|  42|0x0000000086000000, 0x0000000086100000, 0x0000000086100000|100%|HS|  |TAMS 0x0000000086100000, 0x0000000086100000| Complete 
|  43|0x0000000086100000, 0x0000000086200000, 0x0000000086200000|100%|HC|  |TAMS 0x0000000086200000, 0x0000000086200000| Complete 
|  44|0x0000000086200000, 0x0000000086300000, 0x0000000086300000|100%| O|  |TAMS 0x0000000086300000, 0x0000000086300000| Untracked 
|  45|0x0000000086300000, 0x0000000086400000, 0x0000000086400000|100%| O|  |TAMS 0x0000000086400000, 0x0000000086400000| Untracked 
|  46|0x0000000086400000, 0x0000000086500000, 0x0000000086500000|100%| O|  |TAMS 0x00000000864b0400, 0x0000000086500000| Untracked 
|  47|0x0000000086500000, 0x0000000086600000, 0x0000000086600000|100%| O|  |TAMS 0x0000000086500000, 0x0000000086600000| Untracked 
|  48|0x0000000086600000, 0x0000000086700000, 0x0000000086700000|100%| O|  |TAMS 0x0000000086600000, 0x0000000086600000| Untracked 
|  49|0x0000000086700000, 0x0000000086800000, 0x0000000086800000|100%| O|  |TAMS 0x0000000086700000, 0x0000000086700000| Untracked 
|  50|0x0000000086800000, 0x0000000086834a00, 0x0000000086900000| 20%| O|  |TAMS 0x0000000086800000, 0x0000000086800000| Untracked 
|  51|0x0000000086900000, 0x0000000086900000, 0x0000000086a00000|  0%| F|  |TAMS 0x0000000086900000, 0x0000000086900000| Untracked 
|  52|0x0000000086a00000, 0x0000000086a00000, 0x0000000086b00000|  0%| F|  |TAMS 0x0000000086a00000, 0x0000000086a00000| Untracked 
|  53|0x0000000086b00000, 0x0000000086b00000, 0x0000000086c00000|  0%| F|  |TAMS 0x0000000086b00000, 0x0000000086b00000| Untracked 
|  54|0x0000000086c00000, 0x0000000086c00000, 0x0000000086d00000|  0%| F|  |TAMS 0x0000000086c00000, 0x0000000086c00000| Untracked 
|  55|0x0000000086d00000, 0x0000000086d00000, 0x0000000086e00000|  0%| F|  |TAMS 0x0000000086d00000, 0x0000000086d00000| Untracked 
|  56|0x0000000086e00000, 0x0000000086e00000, 0x0000000086f00000|  0%| F|  |TAMS 0x0000000086e00000, 0x0000000086e00000| Untracked 
|  57|0x0000000086f00000, 0x0000000086f00000, 0x0000000087000000|  0%| F|  |TAMS 0x0000000086f00000, 0x0000000086f00000| Untracked 
|  58|0x0000000087000000, 0x0000000087000000, 0x0000000087100000|  0%| F|  |TAMS 0x0000000087000000, 0x0000000087000000| Untracked 
|  59|0x0000000087100000, 0x0000000087100000, 0x0000000087200000|  0%| F|  |TAMS 0x0000000087100000, 0x0000000087100000| Untracked 
|  60|0x0000000087200000, 0x0000000087200000, 0x0000000087300000|  0%| F|  |TAMS 0x0000000087200000, 0x0000000087200000| Untracked 
|  61|0x0000000087300000, 0x0000000087300000, 0x0000000087400000|  0%| F|  |TAMS 0x0000000087300000, 0x0000000087300000| Untracked 
|  62|0x0000000087400000, 0x0000000087400000, 0x0000000087500000|  0%| F|  |TAMS 0x0000000087400000, 0x0000000087400000| Untracked 
|  63|0x0000000087500000, 0x0000000087500000, 0x0000000087600000|  0%| F|  |TAMS 0x0000000087500000, 0x0000000087500000| Untracked 
|  64|0x0000000087600000, 0x0000000087600000, 0x0000000087700000|  0%| F|  |TAMS 0x0000000087600000, 0x0000000087600000| Untracked 
|  65|0x0000000087700000, 0x0000000087800000, 0x0000000087800000|100%| S|CS|TAMS 0x0000000087700000, 0x0000000087700000| Complete 
|  66|0x0000000087800000, 0x0000000087900000, 0x0000000087900000|100%| S|CS|TAMS 0x0000000087800000, 0x0000000087800000| Complete 
|  67|0x0000000087900000, 0x0000000087a00000, 0x0000000087a00000|100%| S|CS|TAMS 0x0000000087900000, 0x0000000087900000| Complete 
|  68|0x0000000087a00000, 0x0000000087b00000, 0x0000000087b00000|100%| S|CS|TAMS 0x0000000087a00000, 0x0000000087a00000| Complete 
|  69|0x0000000087b00000, 0x0000000087b00000, 0x0000000087c00000|  0%| F|  |TAMS 0x0000000087b00000, 0x0000000087b00000| Untracked 
|  70|0x0000000087c00000, 0x0000000087c00000, 0x0000000087d00000|  0%| F|  |TAMS 0x0000000087c00000, 0x0000000087c00000| Untracked 
|  71|0x0000000087d00000, 0x0000000087d00000, 0x0000000087e00000|  0%| F|  |TAMS 0x0000000087d00000, 0x0000000087d00000| Untracked 
|  72|0x0000000087e00000, 0x0000000087e00000, 0x0000000087f00000|  0%| F|  |TAMS 0x0000000087e00000, 0x0000000087e00000| Untracked 
|  73|0x0000000087f00000, 0x0000000087f00000, 0x0000000088000000|  0%| F|  |TAMS 0x0000000087f00000, 0x0000000087f00000| Untracked 
|  74|0x0000000088000000, 0x0000000088000000, 0x0000000088100000|  0%| F|  |TAMS 0x0000000088000000, 0x0000000088000000| Untracked 
|  75|0x0000000088100000, 0x0000000088100000, 0x0000000088200000|  0%| F|  |TAMS 0x0000000088100000, 0x0000000088100000| Untracked 
|  76|0x0000000088200000, 0x0000000088200000, 0x0000000088300000|  0%| F|  |TAMS 0x0000000088200000, 0x0000000088200000| Untracked 
|  77|0x0000000088300000, 0x0000000088300000, 0x0000000088400000|  0%| F|  |TAMS 0x0000000088300000, 0x0000000088300000| Untracked 
|  78|0x0000000088400000, 0x0000000088400000, 0x0000000088500000|  0%| F|  |TAMS 0x0000000088400000, 0x0000000088400000| Untracked 
|  79|0x0000000088500000, 0x0000000088500000, 0x0000000088600000|  0%| F|  |TAMS 0x0000000088500000, 0x0000000088500000| Untracked 
|  80|0x0000000088600000, 0x0000000088600000, 0x0000000088700000|  0%| F|  |TAMS 0x0000000088600000, 0x0000000088600000| Untracked 
|  81|0x0000000088700000, 0x0000000088700000, 0x0000000088800000|  0%| F|  |TAMS 0x0000000088700000, 0x0000000088700000| Untracked 
|  82|0x0000000088800000, 0x0000000088800000, 0x0000000088900000|  0%| F|  |TAMS 0x0000000088800000, 0x0000000088800000| Untracked 
|  83|0x0000000088900000, 0x0000000088900000, 0x0000000088a00000|  0%| F|  |TAMS 0x0000000088900000, 0x0000000088900000| Untracked 
|  84|0x0000000088a00000, 0x0000000088a00000, 0x0000000088b00000|  0%| F|  |TAMS 0x0000000088a00000, 0x0000000088a00000| Untracked 
|  85|0x0000000088b00000, 0x0000000088b00000, 0x0000000088c00000|  0%| F|  |TAMS 0x0000000088b00000, 0x0000000088b00000| Untracked 
|  86|0x0000000088c00000, 0x0000000088c00000, 0x0000000088d00000|  0%| F|  |TAMS 0x0000000088c00000, 0x0000000088c00000| Untracked 
|  87|0x0000000088d00000, 0x0000000088d00000, 0x0000000088e00000|  0%| F|  |TAMS 0x0000000088d00000, 0x0000000088d00000| Untracked 
|  88|0x0000000088e00000, 0x0000000088e00000, 0x0000000088f00000|  0%| F|  |TAMS 0x0000000088e00000, 0x0000000088e00000| Untracked 
|  89|0x0000000088f00000, 0x0000000088f00000, 0x0000000089000000|  0%| F|  |TAMS 0x0000000088f00000, 0x0000000088f00000| Untracked 
|  90|0x0000000089000000, 0x0000000089000000, 0x0000000089100000|  0%| F|  |TAMS 0x0000000089000000, 0x0000000089000000| Untracked 
|  91|0x0000000089100000, 0x0000000089100000, 0x0000000089200000|  0%| F|  |TAMS 0x0000000089100000, 0x0000000089100000| Untracked 
|  92|0x0000000089200000, 0x0000000089200000, 0x0000000089300000|  0%| F|  |TAMS 0x0000000089200000, 0x0000000089200000| Untracked 
|  93|0x0000000089300000, 0x0000000089300000, 0x0000000089400000|  0%| F|  |TAMS 0x0000000089300000, 0x0000000089300000| Untracked 
|  94|0x0000000089400000, 0x0000000089400000, 0x0000000089500000|  0%| F|  |TAMS 0x0000000089400000, 0x0000000089400000| Untracked 
|  95|0x0000000089500000, 0x0000000089500000, 0x0000000089600000|  0%| F|  |TAMS 0x0000000089500000, 0x0000000089500000| Untracked 
|  96|0x0000000089600000, 0x0000000089600000, 0x0000000089700000|  0%| F|  |TAMS 0x0000000089600000, 0x0000000089600000| Untracked 
|  97|0x0000000089700000, 0x0000000089700000, 0x0000000089800000|  0%| F|  |TAMS 0x0000000089700000, 0x0000000089700000| Untracked 
|  98|0x0000000089800000, 0x0000000089800000, 0x0000000089900000|  0%| F|  |TAMS 0x0000000089800000, 0x0000000089800000| Untracked 
|  99|0x0000000089900000, 0x0000000089900000, 0x0000000089a00000|  0%| F|  |TAMS 0x0000000089900000, 0x0000000089900000| Untracked 
| 100|0x0000000089a00000, 0x0000000089a00000, 0x0000000089b00000|  0%| F|  |TAMS 0x0000000089a00000, 0x0000000089a00000| Untracked 
| 101|0x0000000089b00000, 0x0000000089b00000, 0x0000000089c00000|  0%| F|  |TAMS 0x0000000089b00000, 0x0000000089b00000| Untracked 
| 102|0x0000000089c00000, 0x0000000089c00000, 0x0000000089d00000|  0%| F|  |TAMS 0x0000000089c00000, 0x0000000089c00000| Untracked 
| 103|0x0000000089d00000, 0x0000000089d00000, 0x0000000089e00000|  0%| F|  |TAMS 0x0000000089d00000, 0x0000000089d00000| Untracked 
| 104|0x0000000089e00000, 0x0000000089e00000, 0x0000000089f00000|  0%| F|  |TAMS 0x0000000089e00000, 0x0000000089e00000| Untracked 
| 105|0x0000000089f00000, 0x0000000089f00000, 0x000000008a000000|  0%| F|  |TAMS 0x0000000089f00000, 0x0000000089f00000| Untracked 
| 106|0x000000008a000000, 0x000000008a000000, 0x000000008a100000|  0%| F|  |TAMS 0x000000008a000000, 0x000000008a000000| Untracked 
| 107|0x000000008a100000, 0x000000008a100000, 0x000000008a200000|  0%| F|  |TAMS 0x000000008a100000, 0x000000008a100000| Untracked 
| 108|0x000000008a200000, 0x000000008a200000, 0x000000008a300000|  0%| F|  |TAMS 0x000000008a200000, 0x000000008a200000| Untracked 
| 109|0x000000008a300000, 0x000000008a300000, 0x000000008a400000|  0%| F|  |TAMS 0x000000008a300000, 0x000000008a300000| Untracked 
| 110|0x000000008a400000, 0x000000008a400000, 0x000000008a500000|  0%| F|  |TAMS 0x000000008a400000, 0x000000008a400000| Untracked 
| 111|0x000000008a500000, 0x000000008a500000, 0x000000008a600000|  0%| F|  |TAMS 0x000000008a500000, 0x000000008a500000| Untracked 
| 112|0x000000008a600000, 0x000000008a600000, 0x000000008a700000|  0%| F|  |TAMS 0x000000008a600000, 0x000000008a600000| Untracked 
| 113|0x000000008a700000, 0x000000008a700000, 0x000000008a800000|  0%| F|  |TAMS 0x000000008a700000, 0x000000008a700000| Untracked 
| 114|0x000000008a800000, 0x000000008a800000, 0x000000008a900000|  0%| F|  |TAMS 0x000000008a800000, 0x000000008a800000| Untracked 
| 115|0x000000008a900000, 0x000000008a900000, 0x000000008aa00000|  0%| F|  |TAMS 0x000000008a900000, 0x000000008a900000| Untracked 
| 116|0x000000008aa00000, 0x000000008aa00000, 0x000000008ab00000|  0%| F|  |TAMS 0x000000008aa00000, 0x000000008aa00000| Untracked 
| 117|0x000000008ab00000, 0x000000008ab00000, 0x000000008ac00000|  0%| F|  |TAMS 0x000000008ab00000, 0x000000008ab00000| Untracked 
| 118|0x000000008ac00000, 0x000000008ac00000, 0x000000008ad00000|  0%| F|  |TAMS 0x000000008ac00000, 0x000000008ac00000| Untracked 
| 119|0x000000008ad00000, 0x000000008ad00000, 0x000000008ae00000|  0%| F|  |TAMS 0x000000008ad00000, 0x000000008ad00000| Untracked 
| 120|0x000000008ae00000, 0x000000008ae00000, 0x000000008af00000|  0%| F|  |TAMS 0x000000008ae00000, 0x000000008ae00000| Untracked 
| 121|0x000000008af00000, 0x000000008af00000, 0x000000008b000000|  0%| F|  |TAMS 0x000000008af00000, 0x000000008af00000| Untracked 
| 122|0x000000008b000000, 0x000000008b000000, 0x000000008b100000|  0%| F|  |TAMS 0x000000008b000000, 0x000000008b000000| Untracked 
| 123|0x000000008b100000, 0x000000008b100000, 0x000000008b200000|  0%| F|  |TAMS 0x000000008b100000, 0x000000008b100000| Untracked 
| 124|0x000000008b200000, 0x000000008b200000, 0x000000008b300000|  0%| F|  |TAMS 0x000000008b200000, 0x000000008b200000| Untracked 
| 125|0x000000008b300000, 0x000000008b300000, 0x000000008b400000|  0%| F|  |TAMS 0x000000008b300000, 0x000000008b300000| Untracked 
|1993|0x00000000fff00000, 0x0000000100000000, 0x0000000100000000|100%| O|  |TAMS 0x0000000100000000, 0x0000000100000000| Untracked 

Card table byte_map: [0x00000205a1f20000,0x00000205a2310000] _byte_map_base: 0x00000205a1b05000

Marking Bits (Prev, Next): (CMBitMap*) 0x000002058f6ba920, (CMBitMap*) 0x000002058f6ba8e0
 Prev Bits: [0x00000205a4630000, 0x00000205a6558000)
 Next Bits: [0x00000205a2700000, 0x00000205a4628000)

Polling page: 0x000002058d650000

Metaspace:

Usage:
  Non-class:     47.65 MB used.
      Class:      6.44 MB used.
       Both:     54.08 MB used.

Virtual space:
  Non-class space:       64.00 MB reserved,      47.81 MB ( 75%) committed,  1 nodes.
      Class space:        1.00 GB reserved,       6.62 MB ( <1%) committed,  1 nodes.
             Both:        1.06 GB reserved,      54.44 MB (  5%) committed. 

Chunk freelists:
   Non-Class:  15.59 MB
       Class:  9.42 MB
        Both:  25.02 MB

MaxMetaspaceSize: unlimited
CompressedClassSpaceSize: 1.00 GB
Initial GC threshold: 21.00 MB
Current GC threshold: 90.75 MB
CDS: off
MetaspaceReclaimPolicy: balanced
 - commit_granule_bytes: 65536.
 - commit_granule_words: 8192.
 - virtual_space_node_default_size: 8388608.
 - enlarge_chunks_in_place: 1.
 - new_chunks_are_fully_committed: 0.
 - uncommit_free_chunks: 1.
 - use_allocation_guard: 0.
 - handle_deallocations: 1.


Internal statistics:

num_allocs_failed_limit: 9.
num_arena_births: 226.
num_arena_deaths: 0.
num_vsnodes_births: 2.
num_vsnodes_deaths: 0.
num_space_committed: 869.
num_space_uncommitted: 0.
num_chunks_returned_to_freelist: 9.
num_chunks_taken_from_freelist: 1843.
num_chunk_merges: 6.
num_chunk_splits: 1476.
num_chunks_enlarged: 1306.
num_inconsistent_stats: 0.

CodeHeap 'non-profiled nmethods': size=120000Kb used=2735Kb max_used=2735Kb free=117264Kb
 bounds [0x000002059a600000, 0x000002059a8b0000, 0x00000205a1b30000]
CodeHeap 'profiled nmethods': size=120000Kb used=11389Kb max_used=11389Kb free=108610Kb
 bounds [0x0000020592b30000, 0x0000020593650000, 0x000002059a060000]
CodeHeap 'non-nmethods': size=5760Kb used=1297Kb max_used=1371Kb free=4462Kb
 bounds [0x000002059a060000, 0x000002059a2d0000, 0x000002059a600000]
 total_blobs=5901 nmethods=5297 adapters=516
 compilation: enabled
              stopped_count=0, restarted_count=0
 full_count=0

Compilation events (20 events):
Event: 5.338 Thread 0x00000205ad03c7b0 5299       3       org.jetbrains.kotlin.load.kotlin.JvmPackagePartSource::<init> (125 bytes)
Event: 5.340 Thread 0x00000205ad03c7b0 nmethod 5299 0x0000020593647210 code [0x00000205936476e0, 0x0000020593649888]
Event: 5.340 Thread 0x00000205ad03c7b0 5318       3       org.jetbrains.kotlin.load.kotlin.JvmPackagePartSource::getSimpleName (31 bytes)
Event: 5.340 Thread 0x00000205ad03c7b0 nmethod 5318 0x000002059364a490 code [0x000002059364a6c0, 0x000002059364acb8]
Event: 5.340 Thread 0x00000205ad03c7b0 5300       3       org.jetbrains.kotlin.metadata.deserialization.ProtoBufUtilKt::getExtensionOrNull (30 bytes)
Event: 5.341 Thread 0x00000205ad03c7b0 nmethod 5300 0x000002059364af10 code [0x000002059364b280, 0x000002059364c6f8]
Event: 5.341 Thread 0x00000205ad03c7b0 5301       3       org.jetbrains.kotlin.protobuf.GeneratedMessageLite$ExtendableMessage::hasExtension (17 bytes)
Event: 5.341 Thread 0x00000205ad03c7b0 nmethod 5301 0x000002059364cd90 code [0x000002059364cf60, 0x000002059364d308]
Event: 5.341 Thread 0x00000205ad03c7b0 5302       3       org.jetbrains.kotlin.protobuf.FieldSet::hasField (36 bytes)
Event: 5.341 Thread 0x00000205ad03c7b0 nmethod 5302 0x000002059364d490 code [0x000002059364d660, 0x000002059364d9d8]
Event: 5.341 Thread 0x00000205ad03c7b0 5303       3       org.jetbrains.kotlin.load.java.lazy.descriptors.LazyJavaPackageFragment::toString (41 bytes)
Event: 5.342 Thread 0x00000205ad03c7b0 nmethod 5303 0x000002059364db90 code [0x000002059364de40, 0x000002059364e8c8]
Event: 5.342 Thread 0x00000205ad03c7b0 5319       3       org.jetbrains.kotlin.protobuf.GeneratedMessageLite$GeneratedExtension::singularFromFieldSetType (35 bytes)
Event: 5.342 Thread 0x00000205ad03c7b0 nmethod 5319 0x000002059364ec90 code [0x000002059364ee60, 0x000002059364f428]
Event: 5.347 Thread 0x00000205ad7bf430 nmethod 5256 0x000002059a8a9390 code [0x000002059a8a95a0, 0x000002059a8aa398]
Event: 5.347 Thread 0x00000205ad7bf430 5304       4       java.lang.StringBuilder::append (9 bytes)
Event: 5.352 Thread 0x00000205ad7bf430 nmethod 5304 0x000002059a8aae10 code [0x000002059a8aafa0, 0x000002059a8ab698]
Event: 5.352 Thread 0x00000205ad7bf430 5320       4       org.jetbrains.kotlin.protobuf.GeneratedMessageLite::access$100 (12 bytes)
Event: 5.353 Thread 0x00000205ad7bf430 nmethod 5320 0x000002059a8abb10 code [0x000002059a8abca0, 0x000002059a8abd28]
Event: 5.353 Thread 0x00000205ad7bf430 5321       4       org.jetbrains.kotlin.metadata.ProtoBuf$Type::getSerializedSize (393 bytes)

GC Heap History (20 events):
Event: 2.703 GC heap after
{Heap after GC invocations=13 (full 0):
 garbage-first heap   total 65536K, used 31048K [0x0000000083600000, 0x0000000100000000)
  region size 1024K, 3 young (3072K), 3 survivors (3072K)
 Metaspace       used 42730K, committed 42944K, reserved 1114112K
  class space    used 5257K, committed 5376K, reserved 1048576K
}
Event: 2.969 GC heap before
{Heap before GC invocations=13 (full 0):
 garbage-first heap   total 65536K, used 49480K [0x0000000083600000, 0x0000000100000000)
  region size 1024K, 21 young (21504K), 3 survivors (3072K)
 Metaspace       used 46959K, committed 47168K, reserved 1114112K
  class space    used 5681K, committed 5760K, reserved 1048576K
}
Event: 2.974 GC heap after
{Heap after GC invocations=14 (full 0):
 garbage-first heap   total 65536K, used 32915K [0x0000000083600000, 0x0000000100000000)
  region size 1024K, 2 young (2048K), 2 survivors (2048K)
 Metaspace       used 46959K, committed 47168K, reserved 1114112K
  class space    used 5681K, committed 5760K, reserved 1048576K
}
Event: 3.458 GC heap before
{Heap before GC invocations=14 (full 0):
 garbage-first heap   total 65536K, used 50323K [0x0000000083600000, 0x0000000100000000)
  region size 1024K, 19 young (19456K), 2 survivors (2048K)
 Metaspace       used 49340K, committed 49600K, reserved 1114112K
  class space    used 5919K, committed 6016K, reserved 1048576K
}
Event: 3.465 GC heap after
{Heap after GC invocations=15 (full 0):
 garbage-first heap   total 78848K, used 35840K [0x0000000083600000, 0x0000000100000000)
  region size 1024K, 3 young (3072K), 3 survivors (3072K)
 Metaspace       used 49340K, committed 49600K, reserved 1114112K
  class space    used 5919K, committed 6016K, reserved 1048576K
}
Event: 3.649 GC heap before
{Heap before GC invocations=16 (full 0):
 garbage-first heap   total 78848K, used 60416K [0x0000000083600000, 0x0000000100000000)
  region size 1024K, 26 young (26624K), 3 survivors (3072K)
 Metaspace       used 49709K, committed 49984K, reserved 1114112K
  class space    used 5965K, committed 6080K, reserved 1048576K
}
Event: 3.656 GC heap after
{Heap after GC invocations=17 (full 0):
 garbage-first heap   total 78848K, used 38031K [0x0000000083600000, 0x0000000100000000)
  region size 1024K, 2 young (2048K), 2 survivors (2048K)
 Metaspace       used 49709K, committed 49984K, reserved 1114112K
  class space    used 5965K, committed 6080K, reserved 1048576K
}
Event: 3.766 GC heap before
{Heap before GC invocations=17 (full 0):
 garbage-first heap   total 78848K, used 45199K [0x0000000083600000, 0x0000000100000000)
  region size 1024K, 10 young (10240K), 2 survivors (2048K)
 Metaspace       used 50757K, committed 51008K, reserved 1114112K
  class space    used 6103K, committed 6208K, reserved 1048576K
}
Event: 3.770 GC heap after
{Heap after GC invocations=18 (full 0):
 garbage-first heap   total 78848K, used 38361K [0x0000000083600000, 0x0000000100000000)
  region size 1024K, 1 young (1024K), 1 survivors (1024K)
 Metaspace       used 50757K, committed 51008K, reserved 1114112K
  class space    used 6103K, committed 6208K, reserved 1048576K
}
Event: 4.232 GC heap before
{Heap before GC invocations=19 (full 0):
 garbage-first heap   total 78848K, used 63961K [0x0000000083600000, 0x0000000100000000)
  region size 1024K, 24 young (24576K), 1 survivors (1024K)
 Metaspace       used 53839K, committed 54144K, reserved 1114112K
  class space    used 6448K, committed 6592K, reserved 1048576K
}
Event: 4.239 GC heap after
{Heap after GC invocations=20 (full 0):
 garbage-first heap   total 78848K, used 43573K [0x0000000083600000, 0x0000000100000000)
  region size 1024K, 3 young (3072K), 3 survivors (3072K)
 Metaspace       used 53839K, committed 54144K, reserved 1114112K
  class space    used 6448K, committed 6592K, reserved 1048576K
}
Event: 4.666 GC heap before
{Heap before GC invocations=20 (full 0):
 garbage-first heap   total 78848K, used 63029K [0x0000000083600000, 0x0000000100000000)
  region size 1024K, 22 young (22528K), 3 survivors (3072K)
 Metaspace       used 55378K, committed 55744K, reserved 1114112K
  class space    used 6591K, committed 6784K, reserved 1048576K
}
Event: 4.673 GC heap after
{Heap after GC invocations=21 (full 0):
 garbage-first heap   total 78848K, used 46786K [0x0000000083600000, 0x0000000100000000)
  region size 1024K, 3 young (3072K), 3 survivors (3072K)
 Metaspace       used 55378K, committed 55744K, reserved 1114112K
  class space    used 6591K, committed 6784K, reserved 1048576K
}
Event: 5.026 GC heap before
{Heap before GC invocations=22 (full 0):
 garbage-first heap   total 87040K, used 65218K [0x0000000083600000, 0x0000000100000000)
  region size 1024K, 19 young (19456K), 3 survivors (3072K)
 Metaspace       used 55378K, committed 55744K, reserved 1114112K
  class space    used 6591K, committed 6784K, reserved 1048576K
}
Event: 5.031 GC heap after
{Heap after GC invocations=23 (full 0):
 garbage-first heap   total 87040K, used 50360K [0x0000000083600000, 0x0000000100000000)
  region size 1024K, 2 young (2048K), 2 survivors (2048K)
 Metaspace       used 55378K, committed 55744K, reserved 1114112K
  class space    used 6591K, committed 6784K, reserved 1048576K
}
Event: 5.201 GC heap before
{Heap before GC invocations=23 (full 0):
 garbage-first heap   total 87040K, used 69816K [0x0000000083600000, 0x0000000100000000)
  region size 1024K, 21 young (21504K), 2 survivors (2048K)
 Metaspace       used 55378K, committed 55744K, reserved 1114112K
  class space    used 6591K, committed 6784K, reserved 1048576K
}
Event: 5.204 GC heap after
{Heap after GC invocations=24 (full 0):
 garbage-first heap   total 87040K, used 51856K [0x0000000083600000, 0x0000000100000000)
  region size 1024K, 3 young (3072K), 3 survivors (3072K)
 Metaspace       used 55378K, committed 55744K, reserved 1114112K
  class space    used 6591K, committed 6784K, reserved 1048576K
}
Event: 5.302 GC heap before
{Heap before GC invocations=25 (full 0):
 garbage-first heap   total 104448K, used 70288K [0x0000000083600000, 0x0000000100000000)
  region size 1024K, 21 young (21504K), 3 survivors (3072K)
 Metaspace       used 55378K, committed 55744K, reserved 1114112K
  class space    used 6591K, committed 6784K, reserved 1048576K
}
Event: 5.307 GC heap after
{Heap after GC invocations=26 (full 0):
 garbage-first heap   total 104448K, used 53248K [0x0000000083600000, 0x0000000100000000)
  region size 1024K, 3 young (3072K), 3 survivors (3072K)
 Metaspace       used 55378K, committed 55744K, reserved 1114112K
  class space    used 6591K, committed 6784K, reserved 1048576K
}
Event: 5.357 GC heap before
{Heap before GC invocations=26 (full 0):
 garbage-first heap   total 104448K, used 82944K [0x0000000083600000, 0x0000000100000000)
  region size 1024K, 32 young (32768K), 3 survivors (3072K)
 Metaspace       used 55382K, committed 55744K, reserved 1114112K
  class space    used 6591K, committed 6784K, reserved 1048576K
}

Dll operation events (2 events):
Event: 0.011 Loaded shared library C:\Program Files\Android\Android Studio\jbr\bin\java.dll
Event: 0.856 Loaded shared library C:\Program Files\Android\Android Studio\jbr\bin\verify.dll

Deoptimization events (20 events):
Event: 4.268 Thread 0x000002058f65fb30 DEOPT PACKING pc=0x0000020592fc2a05 sp=0x00000039f64fcb00
Event: 4.268 Thread 0x000002058f65fb30 DEOPT UNPACKING pc=0x000002059a0bace3 sp=0x00000039f64fbf90 mode 0
Event: 4.303 Thread 0x000002058f65fb30 DEOPT PACKING pc=0x0000020592fc2a05 sp=0x00000039f64fbbd0
Event: 4.303 Thread 0x000002058f65fb30 DEOPT UNPACKING pc=0x000002059a0bace3 sp=0x00000039f64fb060 mode 0
Event: 4.342 Thread 0x000002058f65fb30 Uncommon trap: trap_request=0xffffffde fr.pc=0x000002059a839258 relative=0x0000000000000438
Event: 4.342 Thread 0x000002058f65fb30 Uncommon trap: reason=class_check action=maybe_recompile pc=0x000002059a839258 method=org.jetbrains.kotlin.parsing.KotlinParserDefinition.createElement(Lorg/jetbrains/kotlin/com/intellij/lang/ASTNode;)Lorg/jetbrains/kotlin/com/intellij/psi/PsiElement; @ 1
Event: 4.342 Thread 0x000002058f65fb30 DEOPT PACKING pc=0x000002059a839258 sp=0x00000039f64fca30
Event: 4.342 Thread 0x000002058f65fb30 DEOPT UNPACKING pc=0x000002059a0ba1a3 sp=0x00000039f64fc918 mode 2
Event: 4.443 Thread 0x000002058f65fb30 Uncommon trap: trap_request=0xffffff45 fr.pc=0x000002059a823430 relative=0x0000000000000210
Event: 4.443 Thread 0x000002058f65fb30 Uncommon trap: reason=unstable_if action=reinterpret pc=0x000002059a823430 method=org.jetbrains.kotlin.name.Name.hashCode()I @ 16 c2
Event: 4.443 Thread 0x000002058f65fb30 DEOPT PACKING pc=0x000002059a823430 sp=0x00000039f64fbcd0
Event: 4.443 Thread 0x000002058f65fb30 DEOPT UNPACKING pc=0x000002059a0ba1a3 sp=0x00000039f64fbc68 mode 2
Event: 4.654 Thread 0x000002058f65fb30 DEOPT PACKING pc=0x0000020592fc2a05 sp=0x00000039f64fcc60
Event: 4.654 Thread 0x000002058f65fb30 DEOPT UNPACKING pc=0x000002059a0bace3 sp=0x00000039f64fc0f0 mode 0
Event: 4.886 Thread 0x000002058f65fb30 DEOPT PACKING pc=0x00000205932967cf sp=0x00000039f64fc900
Event: 4.886 Thread 0x000002058f65fb30 DEOPT UNPACKING pc=0x000002059a0bace3 sp=0x00000039f64fbdc0 mode 0
Event: 4.898 Thread 0x000002058f65fb30 Uncommon trap: trap_request=0xffffffdc fr.pc=0x000002059a884238 relative=0x0000000000000198
Event: 4.898 Thread 0x000002058f65fb30 Uncommon trap: reason=class_check action=make_not_entrant pc=0x000002059a884238 method=java.util.ArrayList.toArray([Ljava/lang/Object;)[Ljava/lang/Object; @ 21 c2
Event: 4.898 Thread 0x000002058f65fb30 DEOPT PACKING pc=0x000002059a884238 sp=0x00000039f64fc760
Event: 4.898 Thread 0x000002058f65fb30 DEOPT UNPACKING pc=0x000002059a0ba1a3 sp=0x00000039f64fc710 mode 2

Classes unloaded (0 events):
No events

Classes redefined (0 events):
No events

Internal exceptions (20 events):
Event: 1.074 Thread 0x000002058f65fb30 Exception <a 'java/lang/NoSuchMethodError'{0x0000000085a55f40}: 'java.lang.Object java.lang.invoke.DirectMethodHandle$Holder.invokeStaticInit(java.lang.Object, int)'> (0x0000000085a55f40) 
thrown [s\src\hotspot\share\interpreter\linkResolver.cpp, line 771]
Event: 1.082 Thread 0x000002058f65fb30 Exception <a 'java/lang/NoSuchMethodError'{0x0000000085ad6ee8}: 'void java.lang.invoke.DirectMethodHandle$Holder.invokeStatic(java.lang.Object, java.lang.Object)'> (0x0000000085ad6ee8) 
thrown [s\src\hotspot\share\interpreter\linkResolver.cpp, line 771]
Event: 1.097 Thread 0x000002058f65fb30 Exception <a 'java/lang/NoSuchMethodError'{0x00000000859fdbf8}: 'long java.lang.invoke.DirectMethodHandle$Holder.invokeStatic(java.lang.Object)'> (0x00000000859fdbf8) 
thrown [s\src\hotspot\share\interpreter\linkResolver.cpp, line 771]
Event: 1.097 Thread 0x000002058f65fb30 Exception <a 'java/lang/NoSuchMethodError'{0x0000000085801980}: 'long java.lang.invoke.DirectMethodHandle$Holder.invokeStaticInit(java.lang.Object)'> (0x0000000085801980) 
thrown [s\src\hotspot\share\interpreter\linkResolver.cpp, line 771]
Event: 1.143 Thread 0x000002058f65fb30 Exception <a 'java/lang/NoSuchMethodError'{0x00000000855f2640}: 'int java.lang.invoke.DirectMethodHandle$Holder.invokeStaticInit(java.lang.Object, java.lang.Object, java.lang.Object)'> (0x00000000855f2640) 
thrown [s\src\hotspot\share\interpreter\linkResolver.cpp, line 771]
Event: 1.147 Thread 0x000002058f65fb30 Exception <a 'java/lang/NoSuchMethodError'{0x000000008541aa20}: 'int java.lang.invoke.DirectMethodHandle$Holder.invokeStaticInit(java.lang.Object, java.lang.Object)'> (0x000000008541aa20) 
thrown [s\src\hotspot\share\interpreter\linkResolver.cpp, line 771]
Event: 1.160 Thread 0x000002058f65fb30 Exception <a 'java/lang/NoSuchMethodError'{0x00000000854f1e98}: 'void java.lang.invoke.DirectMethodHandle$Holder.invokeSpecial(java.lang.Object, java.lang.Object, java.lang.Object)'> (0x00000000854f1e98) 
thrown [s\src\hotspot\share\interpreter\linkResolver.cpp, line 771]
Event: 1.433 Thread 0x000002058f65fb30 Exception <a 'java/lang/NoSuchMethodError'{0x0000000084894480}: 'void java.lang.invoke.DirectMethodHandle$Holder.invokeStatic(java.lang.Object, java.lang.Object, java.lang.Object, java.lang.Object)'> (0x0000000084894480) 
thrown [s\src\hotspot\share\interpreter\linkResolver.cpp, line 771]
Event: 1.498 Thread 0x000002058f65fb30 Exception <a 'java/lang/NoSuchMethodError'{0x00000000896556a8}: 'void java.lang.invoke.DirectMethodHandle$Holder.invokeStaticInit(java.lang.Object, java.lang.Object)'> (0x00000000896556a8) 
thrown [s\src\hotspot\share\interpreter\linkResolver.cpp, line 771]
Event: 1.585 Thread 0x000002058f65fb30 Exception <a 'java/lang/NoSuchMethodError'{0x000000008581c808}: 'void java.lang.invoke.DirectMethodHandle$Holder.invokeVirtual(java.lang.Object, java.lang.Object)'> (0x000000008581c808) 
thrown [s\src\hotspot\share\interpreter\linkResolver.cpp, line 771]
Event: 1.591 Thread 0x000002058f65fb30 Exception <a 'java/lang/NoSuchMethodError'{0x0000000085866bb8}: 'int java.lang.invoke.DirectMethodHandle$Holder.invokeVirtual(java.lang.Object, java.lang.Object)'> (0x0000000085866bb8) 
thrown [s\src\hotspot\share\interpreter\linkResolver.cpp, line 771]
Event: 1.604 Thread 0x000002058f65fb30 Exception <a 'java/lang/NoSuchMethodError'{0x000000008570a4b0}: 'java.lang.Object java.lang.invoke.Invokers$Holder.invokeExact_MT(java.lang.Object, java.lang.Object, java.lang.Object, java.lang.Object, java.lang.Object, java.lang.Object)'> (0x000000008570a4b0) 
thrown [s\src\hotspot\share\interpreter\linkResolver.cpp, line 771]
Event: 1.708 Thread 0x000002058f65fb30 Exception <a 'java/lang/NoSuchMethodError'{0x000000008538ecd0}: 'java.lang.Object java.lang.invoke.Invokers$Holder.invoke_MT(java.lang.Object, java.lang.Object, java.lang.Object)'> (0x000000008538ecd0) 
thrown [s\src\hotspot\share\interpreter\linkResolver.cpp, line 771]
Event: 2.317 Thread 0x000002058f65fb30 Exception <a 'java/lang/NoSuchMethodError'{0x00000000867088e0}: 'java.lang.Object java.lang.invoke.DirectMethodHandle$Holder.invokeVirtual(java.lang.Object, java.lang.Object, java.lang.Object)'> (0x00000000867088e0) 
thrown [s\src\hotspot\share\interpreter\linkResolver.cpp, line 771]
Event: 2.977 Thread 0x000002058f65fb30 Exception <a 'java/lang/NoSuchMethodError'{0x000000008b30fde8}: 'java.lang.Object java.lang.invoke.DirectMethodHandle$Holder.newInvokeSpecial(java.lang.Object, java.lang.Object, int)'> (0x000000008b30fde8) 
thrown [s\src\hotspot\share\interpreter\linkResolver.cpp, line 771]
Event: 3.088 Thread 0x000002058f65fb30 Implicit null exception at 0x000002059a7a4c9d to 0x000002059a7a5888
Event: 3.088 Thread 0x000002058f65fb30 Implicit null exception at 0x000002059a796a4c to 0x000002059a796b28
Event: 3.695 Thread 0x000002058f65fb30 Exception <a 'java/lang/NoSuchMethodError'{0x00000000896dc8a8}: 'java.lang.Object java.lang.invoke.DirectMethodHandle$Holder.newInvokeSpecial(java.lang.Object, java.lang.Object, java.lang.Object, int)'> (0x00000000896dc8a8) 
thrown [s\src\hotspot\share\interpreter\linkResolver.cpp, line 771]
Event: 3.696 Thread 0x000002058f65fb30 Exception <a 'java/lang/NoSuchMethodError'{0x00000000896e0f30}: 'java.lang.Object java.lang.invoke.DirectMethodHandle$Holder.invokeSpecial(java.lang.Object, java.lang.Object, java.lang.Object, java.lang.Object, int)'> (0x00000000896e0f30) 
thrown [s\src\hotspot\share\interpreter\linkResolver.cpp, line 771]
Event: 3.697 Thread 0x000002058f65fb30 Exception <a 'java/lang/NoSuchMethodError'{0x00000000896e4da0}: 'java.lang.Object java.lang.invoke.Invokers$Holder.linkToTargetMethod(java.lang.Object, java.lang.Object, int, java.lang.Object)'> (0x00000000896e4da0) 
thrown [s\src\hotspot\share\interpreter\linkResolver.cpp, line 771]

VM Operations (20 events):
Event: 4.514 Executing VM operation: HandshakeAllThreads done
Event: 4.517 Executing VM operation: HandshakeAllThreads
Event: 4.518 Executing VM operation: HandshakeAllThreads done
Event: 4.665 Executing VM operation: G1CollectForAllocation
Event: 4.673 Executing VM operation: G1CollectForAllocation done
Event: 4.724 Executing VM operation: G1Concurrent
Event: 4.729 Executing VM operation: G1Concurrent done
Event: 4.751 Executing VM operation: G1Concurrent
Event: 4.751 Executing VM operation: G1Concurrent done
Event: 5.026 Executing VM operation: G1CollectForAllocation
Event: 5.031 Executing VM operation: G1CollectForAllocation done
Event: 5.201 Executing VM operation: G1CollectForAllocation
Event: 5.204 Executing VM operation: G1CollectForAllocation done
Event: 5.261 Executing VM operation: G1Concurrent
Event: 5.265 Executing VM operation: G1Concurrent done
Event: 5.287 Executing VM operation: G1Concurrent
Event: 5.287 Executing VM operation: G1Concurrent done
Event: 5.302 Executing VM operation: G1CollectForAllocation
Event: 5.307 Executing VM operation: G1CollectForAllocation done
Event: 5.357 Executing VM operation: G1CollectForAllocation

Events (20 events):
Event: 2.934 loading class java/util/BitSet
Event: 2.934 loading class java/util/BitSet done
Event: 2.935 loading class java/util/PrimitiveIterator$OfInt
Event: 2.935 loading class java/util/PrimitiveIterator
Event: 2.935 loading class java/util/PrimitiveIterator done
Event: 2.935 loading class java/util/PrimitiveIterator$OfInt done
Event: 2.976 loading class java/util/function/IntUnaryOperator
Event: 2.976 loading class java/util/function/IntUnaryOperator done
Event: 3.141 loading class java/util/AbstractList$SubList$1
Event: 3.141 loading class java/util/AbstractList$SubList$1 done
Event: 3.141 loading class java/util/AbstractList$ListItr
Event: 3.142 loading class java/util/AbstractList$ListItr done
Event: 3.681 loading class java/util/ArrayList$ListItr
Event: 3.681 loading class java/util/ArrayList$ListItr done
Event: 3.787 loading class java/text/StringCharacterIterator
Event: 3.787 loading class java/text/CharacterIterator
Event: 3.787 loading class java/text/CharacterIterator done
Event: 3.787 loading class java/text/StringCharacterIterator done
Event: 4.126 loading class java/util/ComparableTimSort
Event: 4.126 loading class java/util/ComparableTimSort done


Dynamic libraries:
0x00007ff7506c0000 - 0x00007ff7506ca000 	C:\Program Files\Android\Android Studio\jbr\bin\java.exe
0x00007ffda4bb0000 - 0x00007ffda4dc7000 	C:\Windows\SYSTEM32\ntdll.dll
0x00007ffda3f90000 - 0x00007ffda4054000 	C:\Windows\System32\KERNEL32.DLL
0x00007ffda21d0000 - 0x00007ffda2576000 	C:\Windows\System32\KERNELBASE.dll
0x00007ffda1f90000 - 0x00007ffda20a1000 	C:\Windows\System32\ucrtbase.dll
0x00007ffd90910000 - 0x00007ffd9092b000 	C:\Program Files\Android\Android Studio\jbr\bin\VCRUNTIME140.dll
0x00007ffd50480000 - 0x00007ffd50497000 	C:\Program Files\Android\Android Studio\jbr\bin\jli.dll
0x00007ffda2980000 - 0x00007ffda2b2e000 	C:\Windows\System32\USER32.dll
0x00007ffd8bfb0000 - 0x00007ffd8c243000 	C:\Windows\WinSxS\amd64_microsoft.windows.common-controls_6595b64144ccf1df_6.0.22621.2506_none_270c5ae97388e100\COMCTL32.dll
0x00007ffda3ee0000 - 0x00007ffda3f87000 	C:\Windows\System32\msvcrt.dll
0x00007ffda2760000 - 0x00007ffda2786000 	C:\Windows\System32\win32u.dll
0x00007ffda4290000 - 0x00007ffda42b9000 	C:\Windows\System32\GDI32.dll
0x00007ffda2580000 - 0x00007ffda2698000 	C:\Windows\System32\gdi32full.dll
0x00007ffda1ef0000 - 0x00007ffda1f8a000 	C:\Windows\System32\msvcp_win.dll
0x00007ffda3190000 - 0x00007ffda31c1000 	C:\Windows\System32\IMM32.DLL
0x00007ffd9cd50000 - 0x00007ffd9cd5c000 	C:\Program Files\Android\Android Studio\jbr\bin\vcruntime140_1.dll
0x00007ffd5c320000 - 0x00007ffd5c3ad000 	C:\Program Files\Android\Android Studio\jbr\bin\msvcp140.dll
0x00007ffd3ba30000 - 0x00007ffd3c6b0000 	C:\Program Files\Android\Android Studio\jbr\bin\server\jvm.dll
0x00007ffda4060000 - 0x00007ffda4113000 	C:\Windows\System32\ADVAPI32.dll
0x00007ffda4480000 - 0x00007ffda4528000 	C:\Windows\System32\sechost.dll
0x00007ffda21a0000 - 0x00007ffda21c8000 	C:\Windows\System32\bcrypt.dll
0x00007ffda31d0000 - 0x00007ffda32e7000 	C:\Windows\System32\RPCRT4.dll
0x00007ffd8d610000 - 0x00007ffd8d619000 	C:\Windows\SYSTEM32\WSOCK32.dll
0x00007ffd98170000 - 0x00007ffd981a4000 	C:\Windows\SYSTEM32\WINMM.dll
0x00007ffd930d0000 - 0x00007ffd930da000 	C:\Windows\SYSTEM32\VERSION.dll
0x00007ffda42c0000 - 0x00007ffda4331000 	C:\Windows\System32\WS2_32.dll
0x00007ffda0f20000 - 0x00007ffda0f38000 	C:\Windows\SYSTEM32\kernel.appcore.dll
0x00007ffd804f0000 - 0x00007ffd804fa000 	C:\Program Files\Android\Android Studio\jbr\bin\jimage.dll
0x00007ffd9f700000 - 0x00007ffd9f933000 	C:\Windows\SYSTEM32\DBGHELP.DLL
0x00007ffda3b50000 - 0x00007ffda3ed9000 	C:\Windows\System32\combase.dll
0x00007ffda3040000 - 0x00007ffda3117000 	C:\Windows\System32\OLEAUT32.dll
0x00007ffd8a5f0000 - 0x00007ffd8a622000 	C:\Windows\SYSTEM32\dbgcore.DLL
0x00007ffda2120000 - 0x00007ffda219a000 	C:\Windows\System32\bcryptPrimitives.dll
0x00007ffd505b0000 - 0x00007ffd505d5000 	C:\Program Files\Android\Android Studio\jbr\bin\java.dll
0x00007ffd52130000 - 0x00007ffd52148000 	C:\Program Files\Android\Android Studio\jbr\bin\zip.dll
0x00007ffda32f0000 - 0x00007ffda3b4a000 	C:\Windows\System32\SHELL32.dll
0x00007ffd9fe00000 - 0x00007ffda06f6000 	C:\Windows\SYSTEM32\windows.storage.dll
0x00007ffd9fcc0000 - 0x00007ffd9fdfe000 	C:\Windows\SYSTEM32\wintypes.dll
0x00007ffda4590000 - 0x00007ffda4683000 	C:\Windows\System32\SHCORE.dll
0x00007ffda4530000 - 0x00007ffda458e000 	C:\Windows\System32\shlwapi.dll
0x00007ffda1e20000 - 0x00007ffda1e46000 	C:\Windows\SYSTEM32\profapi.dll
0x00007ffd50590000 - 0x00007ffd505a9000 	C:\Program Files\Android\Android Studio\jbr\bin\net.dll
0x00007ffd9a990000 - 0x00007ffd9aac7000 	C:\Windows\SYSTEM32\WINHTTP.dll
0x00007ffda13a0000 - 0x00007ffda1409000 	C:\Windows\system32\mswsock.dll
0x00007ffd50570000 - 0x00007ffd50586000 	C:\Program Files\Android\Android Studio\jbr\bin\nio.dll
0x00007ffd7f8d0000 - 0x00007ffd7f8e0000 	C:\Program Files\Android\Android Studio\jbr\bin\verify.dll

dbghelp: loaded successfully - version: 4.0.5 - missing functions: none
symbol engine: initialized successfully - sym options: 0x614 - pdb path: .;C:\Program Files\Android\Android Studio\jbr\bin;C:\Windows\SYSTEM32;C:\Windows\WinSxS\amd64_microsoft.windows.common-controls_6595b64144ccf1df_6.0.22621.2506_none_270c5ae97388e100;C:\Program Files\Android\Android Studio\jbr\bin\server

VM Arguments:
java_command: org.jetbrains.kotlin.cli.jvm.K2JVMCompiler @C:\Users\Taufique Alam\AndroidStudioProjects\WeekWatch\app\build\20240122_15598000861504422992.compiler.options
java_class_path (initial): C:\Users\Taufique Alam\.gradle\caches\modules-2\files-2.1\org.jetbrains.kotlin\kotlin-compiler-embeddable\1.8.10\b0757fd774344d54ce93f5ad6c30ba1c1731c8ff\kotlin-compiler-embeddable-1.8.10.jar;C:\Users\Taufique Alam\.gradle\caches\modules-2\files-2.1\org.jetbrains.kotlin\kotlin-stdlib\1.8.10\6d5560a229477df9406943d5feda5618e98eb64c\kotlin-stdlib-1.8.10.jar;C:\Users\Taufique Alam\.gradle\caches\modules-2\files-2.1\org.jetbrains.kotlin\kotlin-script-runtime\1.8.10\b13ea9c7e46d589139e56086a878763290e20bd5\kotlin-script-runtime-1.8.10.jar;C:\Users\Taufique Alam\.gradle\caches\modules-2\files-2.1\org.jetbrains.kotlin\kotlin-reflect\1.6.10\1cbe9c92c12a94eea200d23c2bbaedaf3daf5132\kotlin-reflect-1.6.10.jar;C:\Users\Taufique Alam\.gradle\caches\modules-2\files-2.1\org.jetbrains.kotlin\kotlin-daemon-embeddable\1.8.10\ad8541d9bc1cf9e52c3204161247910c2cf601d4\kotlin-daemon-embeddable-1.8.10.jar;C:\Users\Taufique Alam\.gradle\caches\modules-2\files-2.1\org.jetbrains.intellij.deps\trove4j\1.0.20200330\3afb14d5f9ceb459d724e907a21145e8ff394f02\trove4j-1.0.20200330.jar;C:\Users\Taufique Alam\.gradle\caches\modules-2\files-2.1\net.java.dev.jna\jna\5.6.0\330f2244e9030119ab3030fc3fededc86713d9cc\jna-5.6.0.jar;C:\Users\Taufique Alam\.gradle\caches\modules-2\files-2.1\org.jetbrains.kotlin\kotlin-stdlib-common\1.8.10\a61b182458550492c12aee66157d7b524a63a5ec\kotlin-stdlib-common-1.8.10.jar;C:\Users\Taufique Alam\.gradle\caches\modules-2\files-2.1\org.jetbrains\annotations\13.0\919f0dfe192fb4e063e7dacadee7f8bb9a2672a9\annotations-13.0.jar
Launcher Type: SUN_STANDARD

[Global flags]
     intx CICompilerCount                          = 3                                         {product} {ergonomic}
     uint ConcGCThreads                            = 1                                         {product} {ergonomic}
     uint G1ConcRefinementThreads                  = 4                                         {product} {ergonomic}
   size_t G1HeapRegionSize                         = 1048576                                   {product} {ergonomic}
    uintx GCDrainStackTargetSize                   = 64                                        {product} {ergonomic}
   size_t InitialHeapSize                          = 132120576                                 {product} {ergonomic}
   size_t MarkStackSize                            = 4194304                                   {product} {ergonomic}
   size_t MaxHeapSize                              = 2090860544                                {product} {ergonomic}
   size_t MaxNewSize                               = 1254096896                                {product} {ergonomic}
   size_t MinHeapDeltaBytes                        = 1048576                                   {product} {ergonomic}
   size_t MinHeapSize                              = 8388608                                   {product} {ergonomic}
    uintx NonNMethodCodeHeapSize                   = 5832780                                {pd product} {ergonomic}
    uintx NonProfiledCodeHeapSize                  = 122912730                              {pd product} {ergonomic}
    uintx ProfiledCodeHeapSize                     = 122912730                              {pd product} {ergonomic}
    uintx ReservedCodeCacheSize                    = 251658240                              {pd product} {ergonomic}
     bool SegmentedCodeCache                       = true                                      {product} {ergonomic}
   size_t SoftMaxHeapSize                          = 2090860544                             {manageable} {ergonomic}
     bool UseCompressedClassPointers               = true                           {product lp64_product} {ergonomic}
     bool UseCompressedOops                        = true                           {product lp64_product} {ergonomic}
     bool UseG1GC                                  = true                                      {product} {ergonomic}
     bool UseLargePagesIndividualAllocation        = false                                  {pd product} {ergonomic}

Logging:
Log output configuration:
 #0: stdout all=warning uptime,level,tags
 #1: stderr all=off uptime,level,tags

Environment Variables:
PATH=C:\Windows\system32;C:\Windows;C:\Windows\System32\Wbem;C:\Windows\System32\WindowsPowerShell\v1.0\;C:\Windows\System32\OpenSSH\;C:\Program Files\Git\cmd;C:\Users\Taufique Alam\AppData\Local\Microsoft\WindowsApps;;C:\Users\Taufique Alam\AppData\Local\Programs\Microsoft VS Code\bin
USERNAME=Taufique Alam
OS=Windows_NT
PROCESSOR_IDENTIFIER=Intel64 Family 6 Model 140 Stepping 1, GenuineIntel
TMP=C:\Users\TAUFIQ~1\AppData\Local\Temp
TEMP=C:\Users\TAUFIQ~1\AppData\Local\Temp


JNI global refs:
JNI global refs: 10, weak refs: 6

JNI global refs memory usage: 843, weak refs: 841

OOME stack traces (most recent first):
Classloader memory used:
Loader jdk.internal.loader.ClassLoaders$AppClassLoader                                 : 5124K
Loader bootstrap                                                                       : 1650K
Loader java.net.URLClassLoader                                                         : 64119B
Loader jdk.internal.jrtfs.JrtFileSystemProvider$JrtFsLoader                            : 40748B
Loader jdk.internal.loader.ClassLoaders$PlatformClassLoader                            : 36597B
Loader jdk.internal.reflect.DelegatingClassLoader                                      : 9605B

Classes loaded by more than one classloader:
Class jdk.internal.jimage.BasicImageReader$1                                          : loaded 2 times (x 75B)
Class jdk.internal.jimage.ImageBufferCache$1                                          : loaded 2 times (x 78B)
Class jdk.internal.jimage.ImageBufferCache$2                                          : loaded 2 times (x 89B)
Class jdk.internal.jimage.ImageReader$SharedImageReader                               : loaded 2 times (x 93B)
Class jdk.internal.jimage.decompressor.ZipDecompressorFactory                         : loaded 2 times (x 72B)
Class jdk.internal.jimage.ImageHeader                                                 : loaded 2 times (x 69B)
Class jdk.internal.jimage.decompressor.StringSharingDecompressorFactory               : loaded 2 times (x 72B)
Class jdk.internal.jimage.BasicImageReader                                            : loaded 2 times (x 93B)
Class jdk.internal.jimage.ImageLocation                                               : loaded 2 times (x 88B)
Class jdk.internal.jimage.ImageReader$Node                                            : loaded 2 times (x 82B)
Class jdk.internal.jimage.decompressor.CompressedResourceHeader                       : loaded 2 times (x 69B)
Class jdk.internal.jrtfs.JrtPath                                                      : loaded 2 times (x 116B)
Class jdk.internal.jimage.ImageStrings                                                : loaded 2 times (x 68B)
Class jdk.internal.jimage.decompressor.ResourceDecompressorRepository                 : loaded 2 times (x 69B)
Class jdk.internal.jimage.decompressor.ResourceDecompressor$StringsProvider           : loaded 2 times (x 68B)
Class jdk.internal.jimage.decompressor.Decompressor                                   : loaded 2 times (x 70B)
Class jdk.internal.jrtfs.JrtFileSystem                                                : loaded 2 times (x 100B)
Class jdk.internal.jrtfs.JrtFileSystemProvider                                        : loaded 2 times (x 97B)
Class jdk.internal.jimage.decompressor.ResourceDecompressor                           : loaded 2 times (x 68B)
Class jdk.internal.jimage.ImageStringsReader                                          : loaded 2 times (x 78B)
Class jdk.internal.jimage.decompressor.ResourceDecompressorFactory                    : loaded 2 times (x 72B)
Class jdk.internal.jimage.decompressor.ZipDecompressor                                : loaded 2 times (x 73B)
Class jdk.internal.jimage.ImageReader                                                 : loaded 2 times (x 73B)
Class jdk.internal.jimage.ImageBufferCache                                            : loaded 2 times (x 69B)
Class jdk.internal.jimage.ImageReader$Directory                                       : loaded 2 times (x 82B)


---------------  S Y S T E M  ---------------

OS:
 Windows 11 , 64 bit Build 22621 (10.0.22621.2506)
OS uptime: 5 days 23:14 hours
Hyper-V role detected

CPU: total 4 (initial active 4) (2 cores per cpu, 2 threads per core) family 6 model 140 stepping 1 microcode 0xaa, cx8, cmov, fxsr, ht, mmx, 3dnowpref, sse, sse2, sse3, ssse3, sse4.1, sse4.2, popcnt, lzcnt, tsc, tscinvbit, avx, avx2, aes, erms, clmul, bmi1, bmi2, adx, avx512f, avx512dq, avx512cd, avx512bw, avx512vl, sha, fma, vzeroupper, avx512_vpopcntdq, avx512_vpclmulqdq, avx512_vaes, avx512_vnni, clflush, clflushopt, clwb, avx512_vbmi2, avx512_vbmi, hv

Memory: 4k page, system-wide physical 7975M (651M free)
TotalPageFile size 20381M (AvailPageFile size 36M)
current process WorkingSet (physical memory assigned to process): 243M, peak: 272M
current process commit charge ("private bytes"): 295M, peak: 363M

vm_info: OpenJDK 64-Bit Server VM (17.0.7+0-b2043.56-10550314) for windows-amd64 JRE (17.0.7+0-b2043.56-10550314), built on Jul 24 2023 18:27:45 by "androidbuild" with MS VC++ 16.10 / 16.11 (VS2019)

END.
