#
# There is insufficient memory for the Java Runtime Environment to continue.
# Native memory allocation (malloc) failed to allocate 912576 bytes for Chunk::new
# Possible reasons:
#   The system is out of physical RAM or swap space
#   The process is running with CompressedOops enabled, and the Java Heap may be blocking the growth of the native heap
# Possible solutions:
#   Reduce memory load on the system
#   Increase physical memory or swap space
#   Check if swap backing store is full
#   Decrease Java heap size (-Xmx/-Xms)
#   Decrease number of Java threads
#   Decrease Java thread stack sizes (-Xss)
#   Set larger code cache with -XX:ReservedCodeCacheSize=
#   JVM is running with Unscaled Compressed Oops mode in which the Java heap is
#     placed in the first 4GB address space. The Java Heap base address is the
#     maximum limit for the native heap growth. Please use -XX:HeapBaseMinAddress
#     to set the Java Heap base and to place the Java Heap above 4GB virtual address.
# This output file may be truncated or incomplete.
#
#  Out of Memory Error (arena.cpp:189), pid=9932, tid=21860
#
# JRE version: OpenJDK Runtime Environment (17.0.7) (build 17.0.7+0-b2043.56-10550314)
# Java VM: OpenJDK 64-Bit Server VM (17.0.7+0-b2043.56-10550314, mixed mode, tiered, compressed oops, compressed class ptrs, g1 gc, windows-amd64)
# No core dump will be written. Minidumps are not enabled by default on client versions of Windows
#

---------------  S U M M A R Y ------------

Command Line: org.jetbrains.kotlin.cli.jvm.K2JVMCompiler @C:\Users\Taufique Alam\AndroidStudioProjects\WeekWatch\app\build\20240122_6249231944307981173.compiler.options

Host: 11th Gen Intel(R) Core(TM) i3-1115G4 @ 3.00GHz, 4 cores, 7G,  Windows 11 , 64 bit Build 22621 (10.0.22621.2506)
Time: Mon Jan 22 15:03:08 2024 India Standard Time elapsed time: 9.248101 seconds (0d 0h 0m 9s)

---------------  T H R E A D  ---------------

Current thread (0x0000020208911aa0):  JavaThread "C2 CompilerThread1" daemon [_thread_in_native, id=21860, stack(0x0000006230f00000,0x0000006231000000)]


Current CompileTask:
C2:   9248 7918       4       org.jetbrains.kotlin.resolve.lazy.ForceResolveUtil::doForceResolveAllContents (222 bytes)

Stack: [0x0000006230f00000,0x0000006231000000]
Native frames: (J=compiled Java code, j=interpreted, Vv=VM code, C=native code)
V  [jvm.dll+0x683bfa]
V  [jvm.dll+0x8430a4]
V  [jvm.dll+0x8449be]
V  [jvm.dll+0x845023]
V  [jvm.dll+0x24ad2f]
V  [jvm.dll+0xac25c]
V  [jvm.dll+0xac82c]
V  [jvm.dll+0x2b218f]
V  [jvm.dll+0x58c2f7]
V  [jvm.dll+0x225a12]
V  [jvm.dll+0x225def]
V  [jvm.dll+0x21f0b5]
V  [jvm.dll+0x21c56b]
V  [jvm.dll+0x1a605d]
V  [jvm.dll+0x22c148]
V  [jvm.dll+0x22a209]
V  [jvm.dll+0x7f858c]
V  [jvm.dll+0x7f2aea]
V  [jvm.dll+0x682a35]
C  [ucrtbase.dll+0x29363]
C  [KERNEL32.DLL+0x1257d]
C  [ntdll.dll+0x5aa58]


---------------  P R O C E S S  ---------------

Threads class SMR info:
_java_thread_list=0x00000202087cc3c0, length=13, elements={
0x000002026985c6c0, 0x000002027ed1b3e0, 0x000002027ed1cd40, 0x0000020208124730,
0x00000202081251f0, 0x0000020208127bb0, 0x0000020208128d00, 0x000002020813e350,
0x0000020208146b10, 0x000002020815b100, 0x00000202082afd70, 0x00000202082c4130,
0x0000020208911aa0
}

Java Threads: ( => current thread )
  0x000002026985c6c0 JavaThread "main" [_thread_in_Java, id=21836, stack(0x000000622f900000,0x000000622fa00000)]
  0x000002027ed1b3e0 JavaThread "Reference Handler" daemon [_thread_blocked, id=23548, stack(0x0000006230000000,0x0000006230100000)]
  0x000002027ed1cd40 JavaThread "Finalizer" daemon [_thread_blocked, id=19024, stack(0x0000006230100000,0x0000006230200000)]
  0x0000020208124730 JavaThread "Signal Dispatcher" daemon [_thread_blocked, id=5256, stack(0x0000006230200000,0x0000006230300000)]
  0x00000202081251f0 JavaThread "Attach Listener" daemon [_thread_blocked, id=10528, stack(0x0000006230300000,0x0000006230400000)]
  0x0000020208127bb0 JavaThread "Service Thread" daemon [_thread_blocked, id=22260, stack(0x0000006230400000,0x0000006230500000)]
  0x0000020208128d00 JavaThread "Monitor Deflation Thread" daemon [_thread_blocked, id=11244, stack(0x0000006230500000,0x0000006230600000)]
  0x000002020813e350 JavaThread "C2 CompilerThread0" daemon [_thread_in_native, id=14428, stack(0x0000006230600000,0x0000006230700000)]
  0x0000020208146b10 JavaThread "C1 CompilerThread0" daemon [_thread_blocked, id=1980, stack(0x0000006230700000,0x0000006230800000)]
  0x000002020815b100 JavaThread "Sweeper thread" daemon [_thread_blocked, id=19580, stack(0x0000006230800000,0x0000006230900000)]
  0x00000202082afd70 JavaThread "Notification Thread" daemon [_thread_blocked, id=17856, stack(0x0000006230900000,0x0000006230a00000)]
  0x00000202082c4130 JavaThread "Common-Cleaner" daemon [_thread_blocked, id=21112, stack(0x0000006230b00000,0x0000006230c00000)]
=>0x0000020208911aa0 JavaThread "C2 CompilerThread1" daemon [_thread_in_native, id=21860, stack(0x0000006230f00000,0x0000006231000000)]

Other Threads:
  0x000002027ed16080 VMThread "VM Thread" [stack: 0x000000622ff00000,0x0000006230000000] [id=18696]
  0x00000202081defa0 WatcherThread [stack: 0x0000006230a00000,0x0000006230b00000] [id=20648]
  0x00000202698b93a0 GCTaskThread "GC Thread#0" [stack: 0x000000622fa00000,0x000000622fb00000] [id=18016]
  0x000002020862f5d0 GCTaskThread "GC Thread#1" [stack: 0x0000006230c00000,0x0000006230d00000] [id=16420]
  0x00000202086a8880 GCTaskThread "GC Thread#2" [stack: 0x0000006230d00000,0x0000006230e00000] [id=4580]
  0x00000202086fe060 GCTaskThread "GC Thread#3" [stack: 0x0000006230e00000,0x0000006230f00000] [id=17868]
  0x00000202698c9c20 ConcurrentGCThread "G1 Main Marker" [stack: 0x000000622fb00000,0x000000622fc00000] [id=6444]
  0x00000202698ca630 ConcurrentGCThread "G1 Conc#0" [stack: 0x000000622fc00000,0x000000622fd00000] [id=14136]
  0x000002027eb804a0 ConcurrentGCThread "G1 Refine#0" [stack: 0x000000622fd00000,0x000000622fe00000] [id=5024]
  0x0000020209e1c810 ConcurrentGCThread "G1 Refine#1" [stack: 0x0000006231000000,0x0000006231100000] [id=8396]
  0x000002020a767d60 ConcurrentGCThread "G1 Refine#2" [stack: 0x0000006231100000,0x0000006231200000] [id=5752]
  0x000002027eb80ec0 ConcurrentGCThread "G1 Service" [stack: 0x000000622fe00000,0x000000622ff00000] [id=13996]

Threads with active compile tasks:
C2 CompilerThread0     9259 7933       4       org.jetbrains.org.objectweb.asm.ClassReader::readMethod (1061 bytes)
C2 CompilerThread1     9259 7918       4       org.jetbrains.kotlin.resolve.lazy.ForceResolveUtil::doForceResolveAllContents (222 bytes)

VM state: not at safepoint (normal execution)

VM Mutex/Monitor currently owned by a thread:  ([mutex/lock_event])
[0x0000020269859440] MethodCompileQueue_lock - owner thread: 0x0000000000000000

Heap address: 0x0000000083600000, size: 1994 MB, Compressed Oops mode: 32-bit

CDS archive(s) not mapped
Compressed class space mapped at: 0x0000000100000000-0x0000000140000000, reserved size: 1073741824
Narrow klass base: 0x0000000000000000, Narrow klass shift: 3, Narrow klass range: 0x140000000

GC Precious Log:
 CPUs: 4 total, 4 available
 Memory: 7975M
 Large Page Support: Disabled
 NUMA Support: Disabled
 Compressed Oops: Enabled (32-bit)
 Heap Region Size: 1M
 Heap Min Capacity: 8M
 Heap Initial Capacity: 126M
 Heap Max Capacity: 1994M
 Pre-touch: Disabled
 Parallel Workers: 4
 Concurrent Workers: 1
 Concurrent Refinement Workers: 4
 Periodic GC: Disabled

Heap:
 garbage-first heap   total 188416K, used 98721K [0x0000000083600000, 0x0000000100000000)
  region size 1024K, 24 young (24576K), 10 survivors (10240K)
 Metaspace       used 63296K, committed 63680K, reserved 1114112K
  class space    used 7457K, committed 7616K, reserved 1048576K

Heap Regions: E=young(eden), S=young(survivor), O=old, HS=humongous(starts), HC=humongous(continues), CS=collection set, F=free, OA=open archive, CA=closed archive, TAMS=top-at-mark-start (previous, next)
|   0|0x0000000083600000, 0x0000000083700000, 0x0000000083700000|100%|HS|  |TAMS 0x0000000083700000, 0x0000000083600000| Complete 
|   1|0x0000000083700000, 0x0000000083800000, 0x0000000083800000|100%|HC|  |TAMS 0x0000000083800000, 0x0000000083700000| Complete 
|   2|0x0000000083800000, 0x0000000083900000, 0x0000000083900000|100%|HC|  |TAMS 0x0000000083900000, 0x0000000083800000| Complete 
|   3|0x0000000083900000, 0x0000000083a00000, 0x0000000083a00000|100%|HC|  |TAMS 0x0000000083a00000, 0x0000000083900000| Complete 
|   4|0x0000000083a00000, 0x0000000083b00000, 0x0000000083b00000|100%| O|  |TAMS 0x0000000083b00000, 0x0000000083a00000| Untracked 
|   5|0x0000000083b00000, 0x0000000083c00000, 0x0000000083c00000|100%| O|  |TAMS 0x0000000083c00000, 0x0000000083b00000| Untracked 
|   6|0x0000000083c00000, 0x0000000083d00000, 0x0000000083d00000|100%| O|  |TAMS 0x0000000083d00000, 0x0000000083c00000| Untracked 
|   7|0x0000000083d00000, 0x0000000083e00000, 0x0000000083e00000|100%|HS|  |TAMS 0x0000000083e00000, 0x0000000083d00000| Complete 
|   8|0x0000000083e00000, 0x0000000083f00000, 0x0000000083f00000|100%|HC|  |TAMS 0x0000000083f00000, 0x0000000083e00000| Complete 
|   9|0x0000000083f00000, 0x0000000084000000, 0x0000000084000000|100%|HC|  |TAMS 0x0000000084000000, 0x0000000083f00000| Complete 
|  10|0x0000000084000000, 0x0000000084100000, 0x0000000084100000|100%|HC|  |TAMS 0x0000000084100000, 0x0000000084000000| Complete 
|  11|0x0000000084100000, 0x0000000084200000, 0x0000000084200000|100%| O|  |TAMS 0x0000000084200000, 0x0000000084100000| Untracked 
|  12|0x0000000084200000, 0x0000000084300000, 0x0000000084300000|100%| O|  |TAMS 0x0000000084300000, 0x0000000084200000| Untracked 
|  13|0x0000000084300000, 0x0000000084400000, 0x0000000084400000|100%| O|  |TAMS 0x0000000084400000, 0x0000000084300000| Untracked 
|  14|0x0000000084400000, 0x0000000084500000, 0x0000000084500000|100%| O|  |TAMS 0x0000000084500000, 0x0000000084400000| Untracked 
|  15|0x0000000084500000, 0x0000000084600000, 0x0000000084600000|100%| O|  |TAMS 0x0000000084600000, 0x0000000084500000| Untracked 
|  16|0x0000000084600000, 0x0000000084700000, 0x0000000084700000|100%| O|  |TAMS 0x0000000084700000, 0x0000000084600000| Untracked 
|  17|0x0000000084700000, 0x0000000084800000, 0x0000000084800000|100%| O|  |TAMS 0x0000000084800000, 0x0000000084700000| Untracked 
|  18|0x0000000084800000, 0x0000000084900000, 0x0000000084900000|100%| O|  |TAMS 0x0000000084900000, 0x0000000084800000| Untracked 
|  19|0x0000000084900000, 0x0000000084a00000, 0x0000000084a00000|100%| O|  |TAMS 0x0000000084a00000, 0x0000000084900000| Untracked 
|  20|0x0000000084a00000, 0x0000000084b00000, 0x0000000084b00000|100%| O|  |TAMS 0x0000000084a00000, 0x0000000084a00000| Untracked 
|  21|0x0000000084b00000, 0x0000000084c00000, 0x0000000084c00000|100%| O|  |TAMS 0x0000000084c00000, 0x0000000084b00000| Untracked 
|  22|0x0000000084c00000, 0x0000000084d00000, 0x0000000084d00000|100%| O|  |TAMS 0x0000000084d00000, 0x0000000084c00000| Untracked 
|  23|0x0000000084d00000, 0x0000000084e00000, 0x0000000084e00000|100%| O|  |TAMS 0x0000000084e00000, 0x0000000084d00000| Untracked 
|  24|0x0000000084e00000, 0x0000000084f00000, 0x0000000084f00000|100%| O|  |TAMS 0x0000000084f00000, 0x0000000084e00000| Untracked 
|  25|0x0000000084f00000, 0x0000000085000000, 0x0000000085000000|100%| O|  |TAMS 0x0000000085000000, 0x0000000084f00000| Untracked 
|  26|0x0000000085000000, 0x0000000085100000, 0x0000000085100000|100%| O|  |TAMS 0x0000000085100000, 0x0000000085000000| Untracked 
|  27|0x0000000085100000, 0x0000000085200000, 0x0000000085200000|100%| O|  |TAMS 0x0000000085200000, 0x0000000085100000| Untracked 
|  28|0x0000000085200000, 0x0000000085300000, 0x0000000085300000|100%| O|  |TAMS 0x0000000085300000, 0x0000000085200000| Untracked 
|  29|0x0000000085300000, 0x0000000085400000, 0x0000000085400000|100%| O|  |TAMS 0x0000000085400000, 0x0000000085300000| Untracked 
|  30|0x0000000085400000, 0x0000000085500000, 0x0000000085500000|100%| O|  |TAMS 0x0000000085500000, 0x0000000085400000| Untracked 
|  31|0x0000000085500000, 0x0000000085600000, 0x0000000085600000|100%| O|  |TAMS 0x0000000085600000, 0x0000000085500000| Untracked 
|  32|0x0000000085600000, 0x0000000085700000, 0x0000000085700000|100%| O|  |TAMS 0x0000000085700000, 0x0000000085600000| Untracked 
|  33|0x0000000085700000, 0x0000000085800000, 0x0000000085800000|100%| O|  |TAMS 0x0000000085800000, 0x0000000085700000| Untracked 
|  34|0x0000000085800000, 0x0000000085900000, 0x0000000085900000|100%| O|  |TAMS 0x0000000085900000, 0x0000000085800000| Untracked 
|  35|0x0000000085900000, 0x0000000085a00000, 0x0000000085a00000|100%| O|  |TAMS 0x0000000085a00000, 0x0000000085900000| Untracked 
|  36|0x0000000085a00000, 0x0000000085b00000, 0x0000000085b00000|100%|HS|  |TAMS 0x0000000085b00000, 0x0000000085a00000| Complete 
|  37|0x0000000085b00000, 0x0000000085c00000, 0x0000000085c00000|100%|HC|  |TAMS 0x0000000085c00000, 0x0000000085b00000| Complete 
|  38|0x0000000085c00000, 0x0000000085d00000, 0x0000000085d00000|100%| O|  |TAMS 0x0000000085d00000, 0x0000000085c00000| Untracked 
|  39|0x0000000085d00000, 0x0000000085e00000, 0x0000000085e00000|100%| O|  |TAMS 0x0000000085e00000, 0x0000000085d00000| Untracked 
|  40|0x0000000085e00000, 0x0000000085f00000, 0x0000000085f00000|100%| O|  |TAMS 0x0000000085f00000, 0x0000000085e00000| Untracked 
|  41|0x0000000085f00000, 0x0000000086000000, 0x0000000086000000|100%| O|  |TAMS 0x0000000086000000, 0x0000000085f00000| Untracked 
|  42|0x0000000086000000, 0x0000000086100000, 0x0000000086100000|100%| O|  |TAMS 0x0000000086100000, 0x0000000086000000| Untracked 
|  43|0x0000000086100000, 0x0000000086200000, 0x0000000086200000|100%| O|  |TAMS 0x0000000086200000, 0x0000000086100000| Untracked 
|  44|0x0000000086200000, 0x0000000086200000, 0x0000000086300000|  0%| F|  |TAMS 0x0000000086200000, 0x0000000086200000| Untracked 
|  45|0x0000000086300000, 0x0000000086300000, 0x0000000086400000|  0%| F|  |TAMS 0x0000000086300000, 0x0000000086300000| Untracked 
|  46|0x0000000086400000, 0x0000000086500000, 0x0000000086500000|100%| O|  |TAMS 0x0000000086500000, 0x0000000086400000| Untracked 
|  47|0x0000000086500000, 0x0000000086600000, 0x0000000086600000|100%| O|  |TAMS 0x0000000086600000, 0x0000000086500000| Untracked 
|  48|0x0000000086600000, 0x0000000086700000, 0x0000000086700000|100%| O|  |TAMS 0x0000000086700000, 0x0000000086600000| Untracked 
|  49|0x0000000086700000, 0x0000000086800000, 0x0000000086800000|100%| O|  |TAMS 0x0000000086800000, 0x0000000086700000| Untracked 
|  50|0x0000000086800000, 0x0000000086900000, 0x0000000086900000|100%| O|  |TAMS 0x0000000086900000, 0x0000000086800000| Untracked 
|  51|0x0000000086900000, 0x0000000086a00000, 0x0000000086a00000|100%| O|  |TAMS 0x000000008695c000, 0x0000000086900000| Untracked 
|  52|0x0000000086a00000, 0x0000000086b00000, 0x0000000086b00000|100%| O|  |TAMS 0x0000000086a00000, 0x0000000086a00000| Untracked 
|  53|0x0000000086b00000, 0x0000000086c00000, 0x0000000086c00000|100%| O|  |TAMS 0x0000000086b00000, 0x0000000086b00000| Untracked 
|  54|0x0000000086c00000, 0x0000000086d00000, 0x0000000086d00000|100%| O|  |TAMS 0x0000000086c00000, 0x0000000086c00000| Untracked 
|  55|0x0000000086d00000, 0x0000000086e00000, 0x0000000086e00000|100%| O|  |TAMS 0x0000000086d00000, 0x0000000086d00000| Untracked 
|  56|0x0000000086e00000, 0x0000000086f00000, 0x0000000086f00000|100%| O|  |TAMS 0x0000000086e00000, 0x0000000086e00000| Untracked 
|  57|0x0000000086f00000, 0x0000000087000000, 0x0000000087000000|100%| O|  |TAMS 0x0000000086f00000, 0x0000000086f00000| Untracked 
|  58|0x0000000087000000, 0x0000000087100000, 0x0000000087100000|100%| O|  |TAMS 0x0000000087000000, 0x0000000087000000| Untracked 
|  59|0x0000000087100000, 0x0000000087200000, 0x0000000087200000|100%| O|  |TAMS 0x0000000087100000, 0x0000000087100000| Untracked 
|  60|0x0000000087200000, 0x0000000087300000, 0x0000000087300000|100%| O|  |TAMS 0x0000000087200000, 0x0000000087200000| Untracked 
|  61|0x0000000087300000, 0x0000000087400000, 0x0000000087400000|100%| O|  |TAMS 0x0000000087300000, 0x0000000087300000| Untracked 
|  62|0x0000000087400000, 0x0000000087500000, 0x0000000087500000|100%| O|  |TAMS 0x0000000087400000, 0x0000000087400000| Untracked 
|  63|0x0000000087500000, 0x0000000087600000, 0x0000000087600000|100%| O|  |TAMS 0x0000000087500000, 0x0000000087500000| Untracked 
|  64|0x0000000087600000, 0x0000000087700000, 0x0000000087700000|100%| O|  |TAMS 0x0000000087600000, 0x0000000087600000| Untracked 
|  65|0x0000000087700000, 0x0000000087800000, 0x0000000087800000|100%| O|  |TAMS 0x0000000087700000, 0x0000000087700000| Untracked 
|  66|0x0000000087800000, 0x0000000087900000, 0x0000000087900000|100%| O|  |TAMS 0x0000000087800000, 0x0000000087800000| Untracked 
|  67|0x0000000087900000, 0x0000000087a00000, 0x0000000087a00000|100%| O|  |TAMS 0x0000000087900000, 0x0000000087900000| Untracked 
|  68|0x0000000087a00000, 0x0000000087b00000, 0x0000000087b00000|100%| O|  |TAMS 0x0000000087a00000, 0x0000000087a00000| Untracked 
|  69|0x0000000087b00000, 0x0000000087c00000, 0x0000000087c00000|100%| O|  |TAMS 0x0000000087b00000, 0x0000000087b00000| Untracked 
|  70|0x0000000087c00000, 0x0000000087d00000, 0x0000000087d00000|100%| O|  |TAMS 0x0000000087c00000, 0x0000000087c00000| Untracked 
|  71|0x0000000087d00000, 0x0000000087e00000, 0x0000000087e00000|100%| O|  |TAMS 0x0000000087d00000, 0x0000000087d00000| Untracked 
|  72|0x0000000087e00000, 0x0000000087f00000, 0x0000000087f00000|100%| O|  |TAMS 0x0000000087e00000, 0x0000000087e00000| Untracked 
|  73|0x0000000087f00000, 0x0000000088000000, 0x0000000088000000|100%| O|  |TAMS 0x0000000087f00000, 0x0000000087f00000| Untracked 
|  74|0x0000000088000000, 0x0000000088100000, 0x0000000088100000|100%| O|  |TAMS 0x0000000088000000, 0x0000000088000000| Untracked 
|  75|0x0000000088100000, 0x0000000088168400, 0x0000000088200000| 40%| O|  |TAMS 0x0000000088100000, 0x0000000088100000| Untracked 
|  76|0x0000000088200000, 0x0000000088200000, 0x0000000088300000|  0%| F|  |TAMS 0x0000000088200000, 0x0000000088200000| Untracked 
|  77|0x0000000088300000, 0x0000000088300000, 0x0000000088400000|  0%| F|  |TAMS 0x0000000088300000, 0x0000000088300000| Untracked 
|  78|0x0000000088400000, 0x0000000088400000, 0x0000000088500000|  0%| F|  |TAMS 0x0000000088400000, 0x0000000088400000| Untracked 
|  79|0x0000000088500000, 0x0000000088500000, 0x0000000088600000|  0%| F|  |TAMS 0x0000000088500000, 0x0000000088500000| Untracked 
|  80|0x0000000088600000, 0x0000000088600000, 0x0000000088700000|  0%| F|  |TAMS 0x0000000088600000, 0x0000000088600000| Untracked 
|  81|0x0000000088700000, 0x0000000088700000, 0x0000000088800000|  0%| F|  |TAMS 0x0000000088700000, 0x0000000088700000| Untracked 
|  82|0x0000000088800000, 0x0000000088800000, 0x0000000088900000|  0%| F|  |TAMS 0x0000000088800000, 0x0000000088800000| Untracked 
|  83|0x0000000088900000, 0x0000000088900000, 0x0000000088a00000|  0%| F|  |TAMS 0x0000000088900000, 0x0000000088900000| Untracked 
|  84|0x0000000088a00000, 0x0000000088a00000, 0x0000000088b00000|  0%| F|  |TAMS 0x0000000088a00000, 0x0000000088a00000| Untracked 
|  85|0x0000000088b00000, 0x0000000088b00000, 0x0000000088c00000|  0%| F|  |TAMS 0x0000000088b00000, 0x0000000088b00000| Untracked 
|  86|0x0000000088c00000, 0x0000000088c00000, 0x0000000088d00000|  0%| F|  |TAMS 0x0000000088c00000, 0x0000000088c00000| Untracked 
|  87|0x0000000088d00000, 0x0000000088d00000, 0x0000000088e00000|  0%| F|  |TAMS 0x0000000088d00000, 0x0000000088d00000| Untracked 
|  88|0x0000000088e00000, 0x0000000088e00000, 0x0000000088f00000|  0%| F|  |TAMS 0x0000000088e00000, 0x0000000088e00000| Untracked 
|  89|0x0000000088f00000, 0x0000000088f00000, 0x0000000089000000|  0%| F|  |TAMS 0x0000000088f00000, 0x0000000088f00000| Untracked 
|  90|0x0000000089000000, 0x0000000089000000, 0x0000000089100000|  0%| F|  |TAMS 0x0000000089000000, 0x0000000089000000| Untracked 
|  91|0x0000000089100000, 0x0000000089100000, 0x0000000089200000|  0%| F|  |TAMS 0x0000000089100000, 0x0000000089100000| Untracked 
|  92|0x0000000089200000, 0x0000000089200000, 0x0000000089300000|  0%| F|  |TAMS 0x0000000089200000, 0x0000000089200000| Untracked 
|  93|0x0000000089300000, 0x0000000089300000, 0x0000000089400000|  0%| F|  |TAMS 0x0000000089300000, 0x0000000089300000| Untracked 
|  94|0x0000000089400000, 0x0000000089400000, 0x0000000089500000|  0%| F|  |TAMS 0x0000000089400000, 0x0000000089400000| Untracked 
|  95|0x0000000089500000, 0x0000000089500000, 0x0000000089600000|  0%| F|  |TAMS 0x0000000089500000, 0x0000000089500000| Untracked 
|  96|0x0000000089600000, 0x0000000089600000, 0x0000000089700000|  0%| F|  |TAMS 0x0000000089600000, 0x0000000089600000| Untracked 
|  97|0x0000000089700000, 0x0000000089700000, 0x0000000089800000|  0%| F|  |TAMS 0x0000000089700000, 0x0000000089700000| Untracked 
|  98|0x0000000089800000, 0x0000000089800000, 0x0000000089900000|  0%| F|  |TAMS 0x0000000089800000, 0x0000000089800000| Untracked 
|  99|0x0000000089900000, 0x0000000089900000, 0x0000000089a00000|  0%| F|  |TAMS 0x0000000089900000, 0x0000000089900000| Untracked 
| 100|0x0000000089a00000, 0x0000000089b00000, 0x0000000089b00000|100%| S|CS|TAMS 0x0000000089a00000, 0x0000000089a00000| Complete 
| 101|0x0000000089b00000, 0x0000000089c00000, 0x0000000089c00000|100%| S|CS|TAMS 0x0000000089b00000, 0x0000000089b00000| Complete 
| 102|0x0000000089c00000, 0x0000000089d00000, 0x0000000089d00000|100%| S|CS|TAMS 0x0000000089c00000, 0x0000000089c00000| Complete 
| 103|0x0000000089d00000, 0x0000000089d00000, 0x0000000089e00000|  0%| F|  |TAMS 0x0000000089d00000, 0x0000000089d00000| Untracked 
| 104|0x0000000089e00000, 0x0000000089e00000, 0x0000000089f00000|  0%| F|  |TAMS 0x0000000089e00000, 0x0000000089e00000| Untracked 
| 105|0x0000000089f00000, 0x0000000089f00000, 0x000000008a000000|  0%| F|  |TAMS 0x0000000089f00000, 0x0000000089f00000| Untracked 
| 106|0x000000008a000000, 0x000000008a000000, 0x000000008a100000|  0%| F|  |TAMS 0x000000008a000000, 0x000000008a000000| Untracked 
| 107|0x000000008a100000, 0x000000008a100000, 0x000000008a200000|  0%| F|  |TAMS 0x000000008a100000, 0x000000008a100000| Untracked 
| 108|0x000000008a200000, 0x000000008a200000, 0x000000008a300000|  0%| F|  |TAMS 0x000000008a200000, 0x000000008a200000| Untracked 
| 109|0x000000008a300000, 0x000000008a300000, 0x000000008a400000|  0%| F|  |TAMS 0x000000008a300000, 0x000000008a300000| Untracked 
| 110|0x000000008a400000, 0x000000008a400000, 0x000000008a500000|  0%| F|  |TAMS 0x000000008a400000, 0x000000008a400000| Untracked 
| 111|0x000000008a500000, 0x000000008a500000, 0x000000008a600000|  0%| F|  |TAMS 0x000000008a500000, 0x000000008a500000| Untracked 
| 112|0x000000008a600000, 0x000000008a700000, 0x000000008a700000|100%| S|CS|TAMS 0x000000008a600000, 0x000000008a600000| Complete 
| 113|0x000000008a700000, 0x000000008a800000, 0x000000008a800000|100%| S|CS|TAMS 0x000000008a700000, 0x000000008a700000| Complete 
| 114|0x000000008a800000, 0x000000008a900000, 0x000000008a900000|100%| S|CS|TAMS 0x000000008a800000, 0x000000008a800000| Complete 
| 115|0x000000008a900000, 0x000000008aa00000, 0x000000008aa00000|100%| S|CS|TAMS 0x000000008a900000, 0x000000008a900000| Complete 
| 116|0x000000008aa00000, 0x000000008ab00000, 0x000000008ab00000|100%| S|CS|TAMS 0x000000008aa00000, 0x000000008aa00000| Complete 
| 117|0x000000008ab00000, 0x000000008ac00000, 0x000000008ac00000|100%| S|CS|TAMS 0x000000008ab00000, 0x000000008ab00000| Complete 
| 118|0x000000008ac00000, 0x000000008ad00000, 0x000000008ad00000|100%| S|CS|TAMS 0x000000008ac00000, 0x000000008ac00000| Complete 
| 119|0x000000008ad00000, 0x000000008ad00000, 0x000000008ae00000|  0%| F|  |TAMS 0x000000008ad00000, 0x000000008ad00000| Untracked 
| 120|0x000000008ae00000, 0x000000008ae00000, 0x000000008af00000|  0%| F|  |TAMS 0x000000008ae00000, 0x000000008ae00000| Untracked 
| 121|0x000000008af00000, 0x000000008af00000, 0x000000008b000000|  0%| F|  |TAMS 0x000000008af00000, 0x000000008af00000| Untracked 
| 122|0x000000008b000000, 0x000000008b000000, 0x000000008b100000|  0%| F|  |TAMS 0x000000008b000000, 0x000000008b000000| Untracked 
| 123|0x000000008b100000, 0x000000008b100000, 0x000000008b200000|  0%| F|  |TAMS 0x000000008b100000, 0x000000008b100000| Untracked 
| 124|0x000000008b200000, 0x000000008b200000, 0x000000008b300000|  0%| F|  |TAMS 0x000000008b200000, 0x000000008b200000| Untracked 
| 125|0x000000008b300000, 0x000000008b300000, 0x000000008b400000|  0%| F|  |TAMS 0x000000008b300000, 0x000000008b300000| Untracked 
| 126|0x000000008b400000, 0x000000008b400000, 0x000000008b500000|  0%| F|  |TAMS 0x000000008b400000, 0x000000008b400000| Untracked 
| 127|0x000000008b500000, 0x000000008b500000, 0x000000008b600000|  0%| F|  |TAMS 0x000000008b500000, 0x000000008b500000| Untracked 
| 128|0x000000008b600000, 0x000000008b600000, 0x000000008b700000|  0%| F|  |TAMS 0x000000008b600000, 0x000000008b600000| Untracked 
| 129|0x000000008b700000, 0x000000008b700000, 0x000000008b800000|  0%| F|  |TAMS 0x000000008b700000, 0x000000008b700000| Untracked 
| 130|0x000000008b800000, 0x000000008b800000, 0x000000008b900000|  0%| F|  |TAMS 0x000000008b800000, 0x000000008b800000| Untracked 
| 131|0x000000008b900000, 0x000000008b900000, 0x000000008ba00000|  0%| F|  |TAMS 0x000000008b900000, 0x000000008b900000| Untracked 
| 132|0x000000008ba00000, 0x000000008ba00000, 0x000000008bb00000|  0%| F|  |TAMS 0x000000008ba00000, 0x000000008ba00000| Untracked 
| 133|0x000000008bb00000, 0x000000008bb00000, 0x000000008bc00000|  0%| F|  |TAMS 0x000000008bb00000, 0x000000008bb00000| Untracked 
| 134|0x000000008bc00000, 0x000000008bc00000, 0x000000008bd00000|  0%| F|  |TAMS 0x000000008bc00000, 0x000000008bc00000| Untracked 
| 135|0x000000008bd00000, 0x000000008bd00000, 0x000000008be00000|  0%| F|  |TAMS 0x000000008bd00000, 0x000000008bd00000| Untracked 
| 136|0x000000008be00000, 0x000000008be00000, 0x000000008bf00000|  0%| F|  |TAMS 0x000000008be00000, 0x000000008be00000| Untracked 
| 137|0x000000008bf00000, 0x000000008bf00000, 0x000000008c000000|  0%| F|  |TAMS 0x000000008bf00000, 0x000000008bf00000| Untracked 
| 138|0x000000008c000000, 0x000000008c000000, 0x000000008c100000|  0%| F|  |TAMS 0x000000008c000000, 0x000000008c000000| Untracked 
| 139|0x000000008c100000, 0x000000008c100000, 0x000000008c200000|  0%| F|  |TAMS 0x000000008c100000, 0x000000008c100000| Untracked 
| 140|0x000000008c200000, 0x000000008c200000, 0x000000008c300000|  0%| F|  |TAMS 0x000000008c200000, 0x000000008c200000| Untracked 
| 141|0x000000008c300000, 0x000000008c300000, 0x000000008c400000|  0%| F|  |TAMS 0x000000008c300000, 0x000000008c300000| Untracked 
| 142|0x000000008c400000, 0x000000008c400000, 0x000000008c500000|  0%| F|  |TAMS 0x000000008c400000, 0x000000008c400000| Untracked 
| 143|0x000000008c500000, 0x000000008c500000, 0x000000008c600000|  0%| F|  |TAMS 0x000000008c500000, 0x000000008c500000| Untracked 
| 144|0x000000008c600000, 0x000000008c600000, 0x000000008c700000|  0%| F|  |TAMS 0x000000008c600000, 0x000000008c600000| Untracked 
| 145|0x000000008c700000, 0x000000008c700000, 0x000000008c800000|  0%| F|  |TAMS 0x000000008c700000, 0x000000008c700000| Untracked 
| 146|0x000000008c800000, 0x000000008c800000, 0x000000008c900000|  0%| F|  |TAMS 0x000000008c800000, 0x000000008c800000| Untracked 
| 147|0x000000008c900000, 0x000000008c900000, 0x000000008ca00000|  0%| F|  |TAMS 0x000000008c900000, 0x000000008c900000| Untracked 
| 148|0x000000008ca00000, 0x000000008ca00000, 0x000000008cb00000|  0%| F|  |TAMS 0x000000008ca00000, 0x000000008ca00000| Untracked 
| 149|0x000000008cb00000, 0x000000008cb00000, 0x000000008cc00000|  0%| F|  |TAMS 0x000000008cb00000, 0x000000008cb00000| Untracked 
| 150|0x000000008cc00000, 0x000000008cc00000, 0x000000008cd00000|  0%| F|  |TAMS 0x000000008cc00000, 0x000000008cc00000| Untracked 
| 151|0x000000008cd00000, 0x000000008cd00000, 0x000000008ce00000|  0%| F|  |TAMS 0x000000008cd00000, 0x000000008cd00000| Untracked 
| 152|0x000000008ce00000, 0x000000008ce00000, 0x000000008cf00000|  0%| F|  |TAMS 0x000000008ce00000, 0x000000008ce00000| Untracked 
| 153|0x000000008cf00000, 0x000000008cf00000, 0x000000008d000000|  0%| F|  |TAMS 0x000000008cf00000, 0x000000008cf00000| Untracked 
| 154|0x000000008d000000, 0x000000008d000000, 0x000000008d100000|  0%| F|  |TAMS 0x000000008d000000, 0x000000008d000000| Untracked 
| 155|0x000000008d100000, 0x000000008d100000, 0x000000008d200000|  0%| F|  |TAMS 0x000000008d100000, 0x000000008d100000| Untracked 
| 156|0x000000008d200000, 0x000000008d200000, 0x000000008d300000|  0%| F|  |TAMS 0x000000008d200000, 0x000000008d200000| Untracked 
| 157|0x000000008d300000, 0x000000008d300000, 0x000000008d400000|  0%| F|  |TAMS 0x000000008d300000, 0x000000008d300000| Untracked 
| 158|0x000000008d400000, 0x000000008d400000, 0x000000008d500000|  0%| F|  |TAMS 0x000000008d400000, 0x000000008d400000| Untracked 
| 159|0x000000008d500000, 0x000000008d500000, 0x000000008d600000|  0%| F|  |TAMS 0x000000008d500000, 0x000000008d500000| Untracked 
| 160|0x000000008d600000, 0x000000008d600000, 0x000000008d700000|  0%| F|  |TAMS 0x000000008d600000, 0x000000008d600000| Untracked 
| 161|0x000000008d700000, 0x000000008d700000, 0x000000008d800000|  0%| F|  |TAMS 0x000000008d700000, 0x000000008d700000| Untracked 
| 162|0x000000008d800000, 0x000000008d800000, 0x000000008d900000|  0%| F|  |TAMS 0x000000008d800000, 0x000000008d800000| Untracked 
| 163|0x000000008d900000, 0x000000008d900000, 0x000000008da00000|  0%| F|  |TAMS 0x000000008d900000, 0x000000008d900000| Untracked 
| 164|0x000000008da00000, 0x000000008da00000, 0x000000008db00000|  0%| F|  |TAMS 0x000000008da00000, 0x000000008da00000| Untracked 
| 165|0x000000008db00000, 0x000000008db00000, 0x000000008dc00000|  0%| F|  |TAMS 0x000000008db00000, 0x000000008db00000| Untracked 
| 166|0x000000008dc00000, 0x000000008dc00000, 0x000000008dd00000|  0%| F|  |TAMS 0x000000008dc00000, 0x000000008dc00000| Untracked 
| 167|0x000000008dd00000, 0x000000008dd00000, 0x000000008de00000|  0%| F|  |TAMS 0x000000008dd00000, 0x000000008dd00000| Untracked 
| 168|0x000000008de00000, 0x000000008de00000, 0x000000008df00000|  0%| F|  |TAMS 0x000000008de00000, 0x000000008de00000| Untracked 
| 169|0x000000008df00000, 0x000000008df00000, 0x000000008e000000|  0%| F|  |TAMS 0x000000008df00000, 0x000000008df00000| Untracked 
| 170|0x000000008e000000, 0x000000008e080800, 0x000000008e100000| 50%| E|  |TAMS 0x000000008e000000, 0x000000008e000000| Complete 
| 171|0x000000008e100000, 0x000000008e200000, 0x000000008e200000|100%| E|CS|TAMS 0x000000008e100000, 0x000000008e100000| Complete 
| 172|0x000000008e200000, 0x000000008e300000, 0x000000008e300000|100%| E|CS|TAMS 0x000000008e200000, 0x000000008e200000| Complete 
| 173|0x000000008e300000, 0x000000008e400000, 0x000000008e400000|100%| E|CS|TAMS 0x000000008e300000, 0x000000008e300000| Complete 
| 174|0x000000008e400000, 0x000000008e500000, 0x000000008e500000|100%| E|CS|TAMS 0x000000008e400000, 0x000000008e400000| Complete 
| 175|0x000000008e500000, 0x000000008e600000, 0x000000008e600000|100%| E|CS|TAMS 0x000000008e500000, 0x000000008e500000| Complete 
| 176|0x000000008e600000, 0x000000008e700000, 0x000000008e700000|100%| E|CS|TAMS 0x000000008e600000, 0x000000008e600000| Complete 
| 177|0x000000008e700000, 0x000000008e800000, 0x000000008e800000|100%| E|CS|TAMS 0x000000008e700000, 0x000000008e700000| Complete 
| 178|0x000000008e800000, 0x000000008e900000, 0x000000008e900000|100%| E|CS|TAMS 0x000000008e800000, 0x000000008e800000| Complete 
| 179|0x000000008e900000, 0x000000008ea00000, 0x000000008ea00000|100%| E|CS|TAMS 0x000000008e900000, 0x000000008e900000| Complete 
| 180|0x000000008ea00000, 0x000000008eb00000, 0x000000008eb00000|100%| E|CS|TAMS 0x000000008ea00000, 0x000000008ea00000| Complete 
| 181|0x000000008eb00000, 0x000000008ec00000, 0x000000008ec00000|100%| E|CS|TAMS 0x000000008eb00000, 0x000000008eb00000| Complete 
| 182|0x000000008ec00000, 0x000000008ed00000, 0x000000008ed00000|100%| E|CS|TAMS 0x000000008ec00000, 0x000000008ec00000| Complete 
| 183|0x000000008ed00000, 0x000000008ee00000, 0x000000008ee00000|100%| E|CS|TAMS 0x000000008ed00000, 0x000000008ed00000| Complete 

Card table byte_map: [0x000002027c120000,0x000002027c510000] _byte_map_base: 0x000002027bd05000

Marking Bits (Prev, Next): (CMBitMap*) 0x00000202698b99b0, (CMBitMap*) 0x00000202698b99f0
 Prev Bits: [0x000002027c900000, 0x000002027e828000)
 Next Bits: [0x0000020200000000, 0x0000020201f28000)

Polling page: 0x0000020269020000

Metaspace:

Usage:
  Non-class:     54.54 MB used.
      Class:      7.28 MB used.
       Both:     61.82 MB used.

Virtual space:
  Non-class space:       64.00 MB reserved,      54.75 MB ( 86%) committed,  1 nodes.
      Class space:        1.00 GB reserved,       7.44 MB ( <1%) committed,  1 nodes.
             Both:        1.06 GB reserved,      62.19 MB (  6%) committed. 

Chunk freelists:
   Non-Class:  8.41 MB
       Class:  8.47 MB
        Both:  16.88 MB

MaxMetaspaceSize: unlimited
CompressedClassSpaceSize: 1.00 GB
Initial GC threshold: 21.00 MB
Current GC threshold: 90.88 MB
CDS: off
MetaspaceReclaimPolicy: balanced
 - commit_granule_bytes: 65536.
 - commit_granule_words: 8192.
 - virtual_space_node_default_size: 8388608.
 - enlarge_chunks_in_place: 1.
 - new_chunks_are_fully_committed: 0.
 - uncommit_free_chunks: 1.
 - use_allocation_guard: 0.
 - handle_deallocations: 1.


Internal statistics:

num_allocs_failed_limit: 9.
num_arena_births: 300.
num_arena_deaths: 0.
num_vsnodes_births: 2.
num_vsnodes_deaths: 0.
num_space_committed: 993.
num_space_uncommitted: 0.
num_chunks_returned_to_freelist: 9.
num_chunks_taken_from_freelist: 2274.
num_chunk_merges: 9.
num_chunk_splits: 1786.
num_chunks_enlarged: 1531.
num_inconsistent_stats: 0.

CodeHeap 'non-profiled nmethods': size=120000Kb used=4272Kb max_used=4272Kb free=115727Kb
 bounds [0x0000020274800000, 0x0000020274c30000, 0x000002027bd30000]
CodeHeap 'profiled nmethods': size=120000Kb used=16187Kb max_used=16187Kb free=103812Kb
 bounds [0x000002026cd30000, 0x000002026dd00000, 0x0000020274260000]
CodeHeap 'non-nmethods': size=5760Kb used=1323Kb max_used=1389Kb free=4436Kb
 bounds [0x0000020274260000, 0x00000202744d0000, 0x0000020274800000]
 total_blobs=7770 nmethods=7139 adapters=541
 compilation: enabled
              stopped_count=0, restarted_count=0
 full_count=0

Compilation events (20 events):
Event: 9.241 Thread 0x0000020208146b10 nmethod 7998 0x000002026dce6690 code [0x000002026dce68a0, 0x000002026dce6d48]
Event: 9.242 Thread 0x0000020208146b10 7999       3       org.jetbrains.kotlin.resolve.LazyExplicitImportScope$getContributedVariables$1::invoke (17 bytes)
Event: 9.242 Thread 0x0000020208146b10 nmethod 7999 0x000002026dce6f90 code [0x000002026dce72c0, 0x000002026dce8588]
Event: 9.242 Thread 0x0000020208146b10 8000       3       org.jetbrains.kotlin.resolve.LazyExplicitImportScope$getContributedVariables$1::invoke (27 bytes)
Event: 9.243 Thread 0x0000020208146b10 nmethod 8000 0x000002026dce8b90 code [0x000002026dce8ea0, 0x000002026dce9e08]
Event: 9.243 Thread 0x0000020208146b10 8001       1       org.jetbrains.kotlin.serialization.deserialization.descriptors.DeserializedClassDescriptor::getModality (5 bytes)
Event: 9.243 Thread 0x0000020208146b10 nmethod 8001 0x0000020274c2bb10 code [0x0000020274c2bca0, 0x0000020274c2bd78]
Event: 9.244 Thread 0x0000020208146b10 8002       3       org.jetbrains.kotlin.builtins.KotlinBuiltIns::isConstructedFromGivenClassAndNotNullable (41 bytes)
Event: 9.244 Thread 0x0000020208146b10 nmethod 8002 0x000002026dcea390 code [0x000002026dcea5a0, 0x000002026dceaae8]
Event: 9.244 Thread 0x0000020208146b10 8003       3       org.jetbrains.kotlin.resolve.calls.model.ResolvedAtom::<init> (5 bytes)
Event: 9.245 Thread 0x0000020208146b10 nmethod 8003 0x000002026dceac90 code [0x000002026dceae40, 0x000002026dceaff8]
Event: 9.245 Thread 0x0000020208146b10 8004       3       org.jetbrains.kotlin.resolve.calls.model.ResolvedAtom::<init> (5 bytes)
Event: 9.245 Thread 0x0000020208146b10 nmethod 8004 0x000002026dceb110 code [0x000002026dceb2a0, 0x000002026dceb3f8]
Event: 9.245 Thread 0x0000020208146b10 8005       3       org.jetbrains.kotlin.resolve.DelegatingBindingTrace::getBindingContext (8 bytes)
Event: 9.245 Thread 0x0000020208146b10 nmethod 8005 0x000002026dceb490 code [0x000002026dceb620, 0x000002026dceb738]
Event: 9.246 Thread 0x0000020208146b10 8006       3       org.jetbrains.kotlin.types.TypeCheckerState::addSubtypeConstraint (14 bytes)
Event: 9.246 Thread 0x0000020208146b10 nmethod 8006 0x000002026dceb810 code [0x000002026dcebaa0, 0x000002026dcec498]
Event: 9.246 Thread 0x0000020208146b10 8007       3       org.jetbrains.kotlin.resolve.DelegatingBindingTrace::get (29 bytes)
Event: 9.246 Thread 0x0000020208146b10 nmethod 8007 0x000002026dcec890 code [0x000002026dcecac0, 0x000002026dced1b8]
Event: 9.246 Thread 0x0000020208146b10 8008       3       org.jetbrains.kotlin.resolve.DelegatingBindingTrace::selfGet (82 bytes)

GC Heap History (20 events):
Event: 5.114 GC heap before
{Heap before GC invocations=15 (full 0):
 garbage-first heap   total 89088K, used 70483K [0x0000000083600000, 0x0000000100000000)
  region size 1024K, 31 young (31744K), 1 survivors (1024K)
 Metaspace       used 54106K, committed 54400K, reserved 1114112K
  class space    used 6453K, committed 6592K, reserved 1048576K
}
Event: 5.122 GC heap after
{Heap after GC invocations=16 (full 0):
 garbage-first heap   total 89088K, used 44229K [0x0000000083600000, 0x0000000100000000)
  region size 1024K, 4 young (4096K), 4 survivors (4096K)
 Metaspace       used 54106K, committed 54400K, reserved 1114112K
  class space    used 6453K, committed 6592K, reserved 1048576K
}
Event: 5.290 GC heap before
{Heap before GC invocations=16 (full 0):
 garbage-first heap   total 89088K, used 54469K [0x0000000083600000, 0x0000000100000000)
  region size 1024K, 16 young (16384K), 4 survivors (4096K)
 Metaspace       used 55557K, committed 55808K, reserved 1114112K
  class space    used 6596K, committed 6720K, reserved 1048576K
}
Event: 5.299 GC heap after
{Heap after GC invocations=17 (full 0):
 garbage-first heap   total 89088K, used 46539K [0x0000000083600000, 0x0000000100000000)
  region size 1024K, 2 young (2048K), 2 survivors (2048K)
 Metaspace       used 55557K, committed 55808K, reserved 1114112K
  class space    used 6596K, committed 6720K, reserved 1048576K
}
Event: 5.456 GC heap before
{Heap before GC invocations=18 (full 0):
 garbage-first heap   total 92160K, used 71115K [0x0000000083600000, 0x0000000100000000)
  region size 1024K, 24 young (24576K), 2 survivors (2048K)
 Metaspace       used 55566K, committed 55808K, reserved 1114112K
  class space    used 6597K, committed 6720K, reserved 1048576K
}
Event: 5.461 GC heap after
{Heap after GC invocations=19 (full 0):
 garbage-first heap   total 92160K, used 50746K [0x0000000083600000, 0x0000000100000000)
  region size 1024K, 2 young (2048K), 2 survivors (2048K)
 Metaspace       used 55566K, committed 55808K, reserved 1114112K
  class space    used 6597K, committed 6720K, reserved 1048576K
}
Event: 5.588 GC heap before
{Heap before GC invocations=19 (full 0):
 garbage-first heap   total 92160K, used 73274K [0x0000000083600000, 0x0000000100000000)
  region size 1024K, 24 young (24576K), 2 survivors (2048K)
 Metaspace       used 55566K, committed 55808K, reserved 1114112K
  class space    used 6597K, committed 6720K, reserved 1048576K
}
Event: 5.592 GC heap after
{Heap after GC invocations=20 (full 0):
 garbage-first heap   total 92160K, used 52356K [0x0000000083600000, 0x0000000100000000)
  region size 1024K, 2 young (2048K), 2 survivors (2048K)
 Metaspace       used 55566K, committed 55808K, reserved 1114112K
  class space    used 6597K, committed 6720K, reserved 1048576K
}
Event: 5.726 GC heap before
{Heap before GC invocations=21 (full 0):
 garbage-first heap   total 107520K, used 73860K [0x0000000083600000, 0x0000000100000000)
  region size 1024K, 23 young (23552K), 2 survivors (2048K)
 Metaspace       used 55566K, committed 55808K, reserved 1114112K
  class space    used 6597K, committed 6720K, reserved 1048576K
}
Event: 5.732 GC heap after
{Heap after GC invocations=22 (full 0):
 garbage-first heap   total 107520K, used 54982K [0x0000000083600000, 0x0000000100000000)
  region size 1024K, 3 young (3072K), 3 survivors (3072K)
 Metaspace       used 55566K, committed 55808K, reserved 1114112K
  class space    used 6597K, committed 6720K, reserved 1048576K
}
Event: 5.794 GC heap before
{Heap before GC invocations=22 (full 0):
 garbage-first heap   total 107520K, used 84678K [0x0000000083600000, 0x0000000100000000)
  region size 1024K, 32 young (32768K), 3 survivors (3072K)
 Metaspace       used 55566K, committed 55808K, reserved 1114112K
  class space    used 6597K, committed 6720K, reserved 1048576K
}
Event: 5.803 GC heap after
{Heap after GC invocations=23 (full 0):
 garbage-first heap   total 188416K, used 58636K [0x0000000083600000, 0x0000000100000000)
  region size 1024K, 4 young (4096K), 4 survivors (4096K)
 Metaspace       used 55566K, committed 55808K, reserved 1114112K
  class space    used 6597K, committed 6720K, reserved 1048576K
}
Event: 6.375 GC heap before
{Heap before GC invocations=24 (full 0):
 garbage-first heap   total 188416K, used 139532K [0x0000000083600000, 0x0000000100000000)
  region size 1024K, 83 young (84992K), 4 survivors (4096K)
 Metaspace       used 55605K, committed 55936K, reserved 1114112K
  class space    used 6598K, committed 6720K, reserved 1048576K
}
Event: 6.389 GC heap after
{Heap after GC invocations=25 (full 0):
 garbage-first heap   total 188416K, used 66866K [0x0000000083600000, 0x0000000100000000)
  region size 1024K, 11 young (11264K), 11 survivors (11264K)
 Metaspace       used 55605K, committed 55936K, reserved 1114112K
  class space    used 6598K, committed 6720K, reserved 1048576K
}
Event: 6.391 GC heap before
{Heap before GC invocations=25 (full 0):
 garbage-first heap   total 188416K, used 67890K [0x0000000083600000, 0x0000000100000000)
  region size 1024K, 12 young (12288K), 11 survivors (11264K)
 Metaspace       used 55605K, committed 55936K, reserved 1114112K
  class space    used 6598K, committed 6720K, reserved 1048576K
}
Event: 6.399 GC heap after
{Heap after GC invocations=26 (full 0):
 garbage-first heap   total 188416K, used 67291K [0x0000000083600000, 0x0000000100000000)
  region size 1024K, 1 young (1024K), 1 survivors (1024K)
 Metaspace       used 55605K, committed 55936K, reserved 1114112K
  class space    used 6598K, committed 6720K, reserved 1048576K
}
Event: 7.489 GC heap before
{Heap before GC invocations=26 (full 0):
 garbage-first heap   total 188416K, used 139995K [0x0000000083600000, 0x0000000100000000)
  region size 1024K, 72 young (73728K), 1 survivors (1024K)
 Metaspace       used 58431K, committed 58688K, reserved 1114112K
  class space    used 6933K, committed 7040K, reserved 1048576K
}
Event: 7.500 GC heap after
{Heap after GC invocations=27 (full 0):
 garbage-first heap   total 188416K, used 77245K [0x0000000083600000, 0x0000000100000000)
  region size 1024K, 9 young (9216K), 9 survivors (9216K)
 Metaspace       used 58431K, committed 58688K, reserved 1114112K
  class space    used 6933K, committed 7040K, reserved 1048576K
}
Event: 8.976 GC heap before
{Heap before GC invocations=27 (full 0):
 garbage-first heap   total 188416K, used 143805K [0x0000000083600000, 0x0000000100000000)
  region size 1024K, 74 young (75776K), 9 survivors (9216K)
 Metaspace       used 62702K, committed 63040K, reserved 1114112K
  class space    used 7396K, committed 7552K, reserved 1048576K
}
Event: 8.991 GC heap after
{Heap after GC invocations=28 (full 0):
 garbage-first heap   total 188416K, used 85409K [0x0000000083600000, 0x0000000100000000)
  region size 1024K, 10 young (10240K), 10 survivors (10240K)
 Metaspace       used 62702K, committed 63040K, reserved 1114112K
  class space    used 7396K, committed 7552K, reserved 1048576K
}

Dll operation events (2 events):
Event: 0.010 Loaded shared library C:\Program Files\Android\Android Studio\jbr\bin\java.dll
Event: 1.100 Loaded shared library C:\Program Files\Android\Android Studio\jbr\bin\verify.dll

Deoptimization events (20 events):
Event: 9.087 Thread 0x000002026985c6c0 Uncommon trap: trap_request=0xffffff45 fr.pc=0x0000020274bcd3e4 relative=0x00000000000004a4
Event: 9.087 Thread 0x000002026985c6c0 Uncommon trap: reason=unstable_if action=reinterpret pc=0x0000020274bcd3e4 method=java.util.HashMap.getNode(Ljava/lang/Object;)Ljava/util/HashMap$Node; @ 131 c2
Event: 9.087 Thread 0x000002026985c6c0 DEOPT PACKING pc=0x0000020274bcd3e4 sp=0x000000622f9fcbf0
Event: 9.087 Thread 0x000002026985c6c0 DEOPT UNPACKING pc=0x00000202742ba1a3 sp=0x000000622f9fca90 mode 2
Event: 9.092 Thread 0x000002026985c6c0 Uncommon trap: trap_request=0xffffffc6 fr.pc=0x0000020274c14bfc relative=0x00000000000033fc
Event: 9.092 Thread 0x000002026985c6c0 Uncommon trap: reason=bimorphic_or_optimized_type_check action=maybe_recompile pc=0x0000020274c14bfc method=kotlin.collections.CollectionsKt___CollectionsKt.toSet(Ljava/lang/Iterable;)Ljava/util/Set; @ 71 c2
Event: 9.092 Thread 0x000002026985c6c0 DEOPT PACKING pc=0x0000020274c14bfc sp=0x000000622f9fd400
Event: 9.092 Thread 0x000002026985c6c0 DEOPT UNPACKING pc=0x00000202742ba1a3 sp=0x000000622f9fd400 mode 2
Event: 9.166 Thread 0x000002026985c6c0 Uncommon trap: trap_request=0xffffff76 fr.pc=0x0000020274b53564 relative=0x00000000000035c4
Event: 9.166 Thread 0x000002026985c6c0 Uncommon trap: reason=predicate action=maybe_recompile pc=0x0000020274b53564 method=org.jetbrains.org.objectweb.asm.ClassReader.readMethod(Lorg/jetbrains/org/objectweb/asm/ClassVisitor;Lorg/jetbrains/org/objectweb/asm/Context;I)I @ 776 c2
Event: 9.166 Thread 0x000002026985c6c0 DEOPT PACKING pc=0x0000020274b53564 sp=0x000000622f9fb6b0
Event: 9.166 Thread 0x000002026985c6c0 DEOPT UNPACKING pc=0x00000202742ba1a3 sp=0x000000622f9fb628 mode 2
Event: 9.170 Thread 0x000002026985c6c0 Uncommon trap: trap_request=0xffffffc6 fr.pc=0x0000020274a36fbc relative=0x0000000000000dbc
Event: 9.170 Thread 0x000002026985c6c0 Uncommon trap: reason=bimorphic_or_optimized_type_check action=maybe_recompile pc=0x0000020274a36fbc method=org.jetbrains.kotlin.load.kotlin.FileBasedKotlinClass$3$1.visit(Ljava/lang/String;Ljava/lang/Object;)V @ 46 c2
Event: 9.170 Thread 0x000002026985c6c0 DEOPT PACKING pc=0x0000020274a36fbc sp=0x000000622f9fb650
Event: 9.170 Thread 0x000002026985c6c0 DEOPT UNPACKING pc=0x00000202742ba1a3 sp=0x000000622f9fb620 mode 2
Event: 9.170 Thread 0x000002026985c6c0 Uncommon trap: trap_request=0xffffffc6 fr.pc=0x0000020274b4811c relative=0x000000000000165c
Event: 9.170 Thread 0x000002026985c6c0 Uncommon trap: reason=bimorphic_or_optimized_type_check action=maybe_recompile pc=0x0000020274b4811c method=org.jetbrains.kotlin.serialization.deserialization.descriptors.DeserializedMemberScope.hasClass(Lorg/jetbrains/kotlin/name/Name;)Z @ 11 c2
Event: 9.170 Thread 0x000002026985c6c0 DEOPT PACKING pc=0x0000020274b4811c sp=0x000000622f9fbeb0
Event: 9.170 Thread 0x000002026985c6c0 DEOPT UNPACKING pc=0x00000202742ba1a3 sp=0x000000622f9fbe30 mode 2

Classes unloaded (0 events):
No events

Classes redefined (0 events):
No events

Internal exceptions (20 events):
Event: 4.484 Thread 0x000002026985c6c0 Exception <a 'java/lang/NoSuchMethodError'{0x00000000874a3708}: 'java.lang.Object java.lang.invoke.DirectMethodHandle$Holder.newInvokeSpecial(java.lang.Object, java.lang.Object, java.lang.Object, int)'> (0x00000000874a3708) 
thrown [s\src\hotspot\share\interpreter\linkResolver.cpp, line 771]
Event: 4.484 Thread 0x000002026985c6c0 Exception <a 'java/lang/NoSuchMethodError'{0x00000000874a7d90}: 'java.lang.Object java.lang.invoke.DirectMethodHandle$Holder.invokeSpecial(java.lang.Object, java.lang.Object, java.lang.Object, java.lang.Object, int)'> (0x00000000874a7d90) 
thrown [s\src\hotspot\share\interpreter\linkResolver.cpp, line 771]
Event: 4.485 Thread 0x000002026985c6c0 Exception <a 'java/lang/NoSuchMethodError'{0x00000000874abc00}: 'java.lang.Object java.lang.invoke.Invokers$Holder.linkToTargetMethod(java.lang.Object, java.lang.Object, int, java.lang.Object)'> (0x00000000874abc00) 
thrown [s\src\hotspot\share\interpreter\linkResolver.cpp, line 771]
Event: 6.671 Thread 0x000002026985c6c0 Implicit null exception at 0x0000020274a883bd to 0x0000020274a88aa8
Event: 6.672 Thread 0x000002026985c6c0 Implicit null exception at 0x0000020274a8800f to 0x0000020274a88040
Event: 6.830 Thread 0x000002026985c6c0 Exception <a 'java/lang/NoSuchMethodError'{0x000000008ae0fc58}: 'java.lang.Object java.lang.invoke.DirectMethodHandle$Holder.newInvokeSpecial(java.lang.Object, java.lang.Object, java.lang.Object, java.lang.Object, java.lang.Object, java.lang.Object)'> (0x000000008ae0fc58) 
thrown [s\src\hotspot\share\interpreter\linkResolver.cpp, line 771]
Event: 6.837 Thread 0x000002026985c6c0 Implicit null exception at 0x000002027493d445 to 0x000002027493d7ac
Event: 6.887 Thread 0x000002026985c6c0 Implicit null exception at 0x0000020274940a0a to 0x0000020274940c40
Event: 6.893 Thread 0x000002026985c6c0 Implicit null exception at 0x000002027484c10e to 0x000002027484c354
Event: 6.895 Thread 0x000002026985c6c0 Implicit null exception at 0x000002027485e18f to 0x000002027485e205
Event: 7.712 Thread 0x000002026985c6c0 Exception <a 'java/lang/NoSuchMethodError'{0x000000008e606968}: 'int java.lang.invoke.DirectMethodHandle$Holder.invokeStaticInit(java.lang.Object, int)'> (0x000000008e606968) 
thrown [s\src\hotspot\share\interpreter\linkResolver.cpp, line 771]
Event: 7.855 Thread 0x000002026985c6c0 Exception <a 'java/lang/NoSuchMethodError'{0x000000008dd249c0}: 'java.lang.Object java.lang.invoke.DirectMethodHandle$Holder.invokeInterface(java.lang.Object, java.lang.Object)'> (0x000000008dd249c0) 
thrown [s\src\hotspot\share\interpreter\linkResolver.cpp, line 771]
Event: 8.100 Thread 0x000002026985c6c0 Exception <a 'java/lang/NoSuchMethodError'{0x000000008d70f308}: 'java.lang.Object java.lang.invoke.DirectMethodHandle$Holder.invokeStatic(java.lang.Object, java.lang.Object, java.lang.Object, java.lang.Object, int)'> (0x000000008d70f308) 
thrown [s\src\hotspot\share\interpreter\linkResolver.cpp, line 771]
Event: 8.100 Thread 0x000002026985c6c0 Exception <a 'java/lang/NoSuchMethodError'{0x000000008d718c50}: 'java.lang.Object java.lang.invoke.DirectMethodHandle$Holder.newInvokeSpecial(java.lang.Object, java.lang.Object, java.lang.Object, java.lang.Object, int)'> (0x000000008d718c50) 
thrown [s\src\hotspot\share\interpreter\linkResolver.cpp, line 771]
Event: 8.100 Thread 0x000002026985c6c0 Exception <a 'java/lang/NoSuchMethodError'{0x000000008d71d4d8}: 'java.lang.Object java.lang.invoke.DirectMethodHandle$Holder.invokeSpecial(java.lang.Object, java.lang.Object, java.lang.Object, java.lang.Object, java.lang.Object, int)'> (0x000000008d71d4d8) 
thrown [s\src\hotspot\share\interpreter\linkResolver.cpp, line 771]
Event: 8.101 Thread 0x000002026985c6c0 Exception <a 'java/lang/NoSuchMethodError'{0x000000008d721710}: 'java.lang.Object java.lang.invoke.Invokers$Holder.linkToTargetMethod(java.lang.Object, java.lang.Object, java.lang.Object, int, java.lang.Object)'> (0x000000008d721710) 
thrown [s\src\hotspot\share\interpreter\linkResolver.cpp, line 771]
Event: 8.364 Thread 0x000002026985c6c0 Exception <a 'java/lang/NoSuchMethodError'{0x000000008cc4e078}: 'java.lang.Object java.lang.invoke.DirectMethodHandle$Holder.invokeStaticInit(java.lang.Object, java.lang.Object, java.lang.Object)'> (0x000000008cc4e078) 
thrown [s\src\hotspot\share\interpreter\linkResolver.cpp, line 771]
Event: 9.027 Thread 0x000002026985c6c0 Exception <a 'java/lang/NoSuchMethodError'{0x000000008ece6fe0}: 'java.lang.Object java.lang.invoke.DirectMethodHandle$Holder.invokeStatic(java.lang.Object, int, java.lang.Object, java.lang.Object)'> (0x000000008ece6fe0) 
thrown [s\src\hotspot\share\interpreter\linkResolver.cpp, line 771]
Event: 9.028 Thread 0x000002026985c6c0 Exception <a 'java/lang/NoSuchMethodError'{0x000000008ecef238}: 'java.lang.Object java.lang.invoke.DirectMethodHandle$Holder.newInvokeSpecial(java.lang.Object, int, java.lang.Object)'> (0x000000008ecef238) 
thrown [s\src\hotspot\share\interpreter\linkResolver.cpp, line 771]
Event: 9.028 Thread 0x000002026985c6c0 Exception <a 'java/lang/NoSuchMethodError'{0x000000008ecf5618}: 'int java.lang.invoke.DirectMethodHandle$Holder.invokeInterface(java.lang.Object, java.lang.Object)'> (0x000000008ecf5618) 
thrown [s\src\hotspot\share\interpreter\linkResolver.cpp, line 771]

VM Operations (20 events):
Event: 8.475 Executing VM operation: ICBufferFull
Event: 8.475 Executing VM operation: ICBufferFull done
Event: 8.636 Executing VM operation: ICBufferFull
Event: 8.636 Executing VM operation: ICBufferFull done
Event: 8.649 Executing VM operation: HandshakeAllThreads
Event: 8.649 Executing VM operation: HandshakeAllThreads done
Event: 8.698 Executing VM operation: ICBufferFull
Event: 8.698 Executing VM operation: ICBufferFull done
Event: 8.776 Executing VM operation: ICBufferFull
Event: 8.777 Executing VM operation: ICBufferFull done
Event: 8.919 Executing VM operation: ICBufferFull
Event: 8.919 Executing VM operation: ICBufferFull done
Event: 8.975 Executing VM operation: G1CollectForAllocation
Event: 8.991 Executing VM operation: G1CollectForAllocation done
Event: 9.017 Executing VM operation: HandshakeAllThreads
Event: 9.017 Executing VM operation: HandshakeAllThreads done
Event: 9.058 Executing VM operation: ICBufferFull
Event: 9.059 Executing VM operation: ICBufferFull done
Event: 9.175 Executing VM operation: ICBufferFull
Event: 9.175 Executing VM operation: ICBufferFull done

Events (20 events):
Event: 5.915 Thread 0x000002020815b100 flushing nmethod 0x000002026d854c90
Event: 6.595 loading class java/util/regex/Pattern$Bound
Event: 6.595 loading class java/util/regex/Pattern$Bound done
Event: 6.596 loading class java/util/regex/Pattern$NotBehind
Event: 6.596 loading class java/util/regex/Pattern$NotBehind done
Event: 6.657 loading class java/util/AbstractList$RandomAccessSpliterator
Event: 6.658 loading class java/util/AbstractList$RandomAccessSpliterator done
Event: 6.680 loading class java/util/RegularEnumSet$EnumSetIterator
Event: 6.680 loading class java/util/RegularEnumSet$EnumSetIterator done
Event: 6.840 loading class java/security/CodeSigner
Event: 6.840 loading class java/security/CodeSigner done
Event: 6.892 loading class java/util/concurrent/locks/AbstractQueuedSynchronizer$Node
Event: 6.892 loading class java/util/concurrent/locks/AbstractQueuedSynchronizer$Node done
Event: 7.881 Thread 0x000002020815b100 flushing nmethod 0x000002026cea5890
Event: 7.883 Thread 0x000002020815b100 flushing nmethod 0x000002026d289b90
Event: 7.885 Thread 0x000002020815b100 flushing nmethod 0x000002026d543910
Event: 7.885 Thread 0x000002020815b100 flushing nmethod 0x000002026d54ba10
Event: 7.885 Thread 0x000002020815b100 flushing nmethod 0x000002026d60c510
Event: 8.103 loading class java/util/function/ToIntFunction
Event: 8.103 loading class java/util/function/ToIntFunction done


Dynamic libraries:
0x00007ff7506c0000 - 0x00007ff7506ca000 	C:\Program Files\Android\Android Studio\jbr\bin\java.exe
0x00007ffda4bb0000 - 0x00007ffda4dc7000 	C:\Windows\SYSTEM32\ntdll.dll
0x00007ffda3f90000 - 0x00007ffda4054000 	C:\Windows\System32\KERNEL32.DLL
0x00007ffda21d0000 - 0x00007ffda2576000 	C:\Windows\System32\KERNELBASE.dll
0x00007ffda1f90000 - 0x00007ffda20a1000 	C:\Windows\System32\ucrtbase.dll
0x00007ffd90910000 - 0x00007ffd9092b000 	C:\Program Files\Android\Android Studio\jbr\bin\VCRUNTIME140.dll
0x00007ffd50480000 - 0x00007ffd50497000 	C:\Program Files\Android\Android Studio\jbr\bin\jli.dll
0x00007ffda2980000 - 0x00007ffda2b2e000 	C:\Windows\System32\USER32.dll
0x00007ffda2760000 - 0x00007ffda2786000 	C:\Windows\System32\win32u.dll
0x00007ffda4290000 - 0x00007ffda42b9000 	C:\Windows\System32\GDI32.dll
0x00007ffda2580000 - 0x00007ffda2698000 	C:\Windows\System32\gdi32full.dll
0x00007ffda1ef0000 - 0x00007ffda1f8a000 	C:\Windows\System32\msvcp_win.dll
0x00007ffd8bfb0000 - 0x00007ffd8c243000 	C:\Windows\WinSxS\amd64_microsoft.windows.common-controls_6595b64144ccf1df_6.0.22621.2506_none_270c5ae97388e100\COMCTL32.dll
0x00007ffda3ee0000 - 0x00007ffda3f87000 	C:\Windows\System32\msvcrt.dll
0x00007ffda3190000 - 0x00007ffda31c1000 	C:\Windows\System32\IMM32.DLL
0x00007ffd9cd50000 - 0x00007ffd9cd5c000 	C:\Program Files\Android\Android Studio\jbr\bin\vcruntime140_1.dll
0x00007ffd5c320000 - 0x00007ffd5c3ad000 	C:\Program Files\Android\Android Studio\jbr\bin\msvcp140.dll
0x00007ffd3ba30000 - 0x00007ffd3c6b0000 	C:\Program Files\Android\Android Studio\jbr\bin\server\jvm.dll
0x00007ffda4060000 - 0x00007ffda4113000 	C:\Windows\System32\ADVAPI32.dll
0x00007ffda4480000 - 0x00007ffda4528000 	C:\Windows\System32\sechost.dll
0x00007ffda21a0000 - 0x00007ffda21c8000 	C:\Windows\System32\bcrypt.dll
0x00007ffda31d0000 - 0x00007ffda32e7000 	C:\Windows\System32\RPCRT4.dll
0x00007ffd8d610000 - 0x00007ffd8d619000 	C:\Windows\SYSTEM32\WSOCK32.dll
0x00007ffd98170000 - 0x00007ffd981a4000 	C:\Windows\SYSTEM32\WINMM.dll
0x00007ffda42c0000 - 0x00007ffda4331000 	C:\Windows\System32\WS2_32.dll
0x00007ffd930d0000 - 0x00007ffd930da000 	C:\Windows\SYSTEM32\VERSION.dll
0x00007ffda0f20000 - 0x00007ffda0f38000 	C:\Windows\SYSTEM32\kernel.appcore.dll
0x00007ffd804f0000 - 0x00007ffd804fa000 	C:\Program Files\Android\Android Studio\jbr\bin\jimage.dll
0x00007ffd9f700000 - 0x00007ffd9f933000 	C:\Windows\SYSTEM32\DBGHELP.DLL
0x00007ffda3b50000 - 0x00007ffda3ed9000 	C:\Windows\System32\combase.dll
0x00007ffda3040000 - 0x00007ffda3117000 	C:\Windows\System32\OLEAUT32.dll
0x00007ffd8a5f0000 - 0x00007ffd8a622000 	C:\Windows\SYSTEM32\dbgcore.DLL
0x00007ffda2120000 - 0x00007ffda219a000 	C:\Windows\System32\bcryptPrimitives.dll
0x00007ffd505b0000 - 0x00007ffd505d5000 	C:\Program Files\Android\Android Studio\jbr\bin\java.dll
0x00007ffd52130000 - 0x00007ffd52148000 	C:\Program Files\Android\Android Studio\jbr\bin\zip.dll
0x00007ffda32f0000 - 0x00007ffda3b4a000 	C:\Windows\System32\SHELL32.dll
0x00007ffd9fe00000 - 0x00007ffda06f6000 	C:\Windows\SYSTEM32\windows.storage.dll
0x00007ffd9fcc0000 - 0x00007ffd9fdfe000 	C:\Windows\SYSTEM32\wintypes.dll
0x00007ffda4590000 - 0x00007ffda4683000 	C:\Windows\System32\SHCORE.dll
0x00007ffda4530000 - 0x00007ffda458e000 	C:\Windows\System32\shlwapi.dll
0x00007ffda1e20000 - 0x00007ffda1e46000 	C:\Windows\SYSTEM32\profapi.dll
0x00007ffd50590000 - 0x00007ffd505a9000 	C:\Program Files\Android\Android Studio\jbr\bin\net.dll
0x00007ffd9a990000 - 0x00007ffd9aac7000 	C:\Windows\SYSTEM32\WINHTTP.dll
0x00007ffda13a0000 - 0x00007ffda1409000 	C:\Windows\system32\mswsock.dll
0x00007ffd50570000 - 0x00007ffd50586000 	C:\Program Files\Android\Android Studio\jbr\bin\nio.dll
0x00007ffd7f8d0000 - 0x00007ffd7f8e0000 	C:\Program Files\Android\Android Studio\jbr\bin\verify.dll

dbghelp: loaded successfully - version: 4.0.5 - missing functions: none
symbol engine: initialized successfully - sym options: 0x614 - pdb path: .;C:\Program Files\Android\Android Studio\jbr\bin;C:\Windows\SYSTEM32;C:\Windows\WinSxS\amd64_microsoft.windows.common-controls_6595b64144ccf1df_6.0.22621.2506_none_270c5ae97388e100;C:\Program Files\Android\Android Studio\jbr\bin\server

VM Arguments:
java_command: org.jetbrains.kotlin.cli.jvm.K2JVMCompiler @C:\Users\Taufique Alam\AndroidStudioProjects\WeekWatch\app\build\20240122_6249231944307981173.compiler.options
java_class_path (initial): C:\Users\Taufique Alam\.gradle\caches\modules-2\files-2.1\org.jetbrains.kotlin\kotlin-compiler-embeddable\1.8.10\b0757fd774344d54ce93f5ad6c30ba1c1731c8ff\kotlin-compiler-embeddable-1.8.10.jar;C:\Users\Taufique Alam\.gradle\caches\modules-2\files-2.1\org.jetbrains.kotlin\kotlin-stdlib\1.8.10\6d5560a229477df9406943d5feda5618e98eb64c\kotlin-stdlib-1.8.10.jar;C:\Users\Taufique Alam\.gradle\caches\modules-2\files-2.1\org.jetbrains.kotlin\kotlin-script-runtime\1.8.10\b13ea9c7e46d589139e56086a878763290e20bd5\kotlin-script-runtime-1.8.10.jar;C:\Users\Taufique Alam\.gradle\caches\modules-2\files-2.1\org.jetbrains.kotlin\kotlin-reflect\1.6.10\1cbe9c92c12a94eea200d23c2bbaedaf3daf5132\kotlin-reflect-1.6.10.jar;C:\Users\Taufique Alam\.gradle\caches\modules-2\files-2.1\org.jetbrains.kotlin\kotlin-daemon-embeddable\1.8.10\ad8541d9bc1cf9e52c3204161247910c2cf601d4\kotlin-daemon-embeddable-1.8.10.jar;C:\Users\Taufique Alam\.gradle\caches\modules-2\files-2.1\org.jetbrains.intellij.deps\trove4j\1.0.20200330\3afb14d5f9ceb459d724e907a21145e8ff394f02\trove4j-1.0.20200330.jar;C:\Users\Taufique Alam\.gradle\caches\modules-2\files-2.1\net.java.dev.jna\jna\5.6.0\330f2244e9030119ab3030fc3fededc86713d9cc\jna-5.6.0.jar;C:\Users\Taufique Alam\.gradle\caches\modules-2\files-2.1\org.jetbrains.kotlin\kotlin-stdlib-common\1.8.10\a61b182458550492c12aee66157d7b524a63a5ec\kotlin-stdlib-common-1.8.10.jar;C:\Users\Taufique Alam\.gradle\caches\modules-2\files-2.1\org.jetbrains\annotations\13.0\919f0dfe192fb4e063e7dacadee7f8bb9a2672a9\annotations-13.0.jar
Launcher Type: SUN_STANDARD

[Global flags]
     intx CICompilerCount                          = 3                                         {product} {ergonomic}
     uint ConcGCThreads                            = 1                                         {product} {ergonomic}
     uint G1ConcRefinementThreads                  = 4                                         {product} {ergonomic}
   size_t G1HeapRegionSize                         = 1048576                                   {product} {ergonomic}
    uintx GCDrainStackTargetSize                   = 64                                        {product} {ergonomic}
   size_t InitialHeapSize                          = 132120576                                 {product} {ergonomic}
   size_t MarkStackSize                            = 4194304                                   {product} {ergonomic}
   size_t MaxHeapSize                              = 2090860544                                {product} {ergonomic}
   size_t MaxNewSize                               = 1254096896                                {product} {ergonomic}
   size_t MinHeapDeltaBytes                        = 1048576                                   {product} {ergonomic}
   size_t MinHeapSize                              = 8388608                                   {product} {ergonomic}
    uintx NonNMethodCodeHeapSize                   = 5832780                                {pd product} {ergonomic}
    uintx NonProfiledCodeHeapSize                  = 122912730                              {pd product} {ergonomic}
    uintx ProfiledCodeHeapSize                     = 122912730                              {pd product} {ergonomic}
    uintx ReservedCodeCacheSize                    = 251658240                              {pd product} {ergonomic}
     bool SegmentedCodeCache                       = true                                      {product} {ergonomic}
   size_t SoftMaxHeapSize                          = 2090860544                             {manageable} {ergonomic}
     bool UseCompressedClassPointers               = true                           {product lp64_product} {ergonomic}
     bool UseCompressedOops                        = true                           {product lp64_product} {ergonomic}
     bool UseG1GC                                  = true                                      {product} {ergonomic}
     bool UseLargePagesIndividualAllocation        = false                                  {pd product} {ergonomic}

Logging:
Log output configuration:
 #0: stdout all=warning uptime,level,tags
 #1: stderr all=off uptime,level,tags

Environment Variables:
PATH=C:\Windows\system32;C:\Windows;C:\Windows\System32\Wbem;C:\Windows\System32\WindowsPowerShell\v1.0\;C:\Windows\System32\OpenSSH\;C:\Program Files\Git\cmd;C:\Users\Taufique Alam\AppData\Local\Microsoft\WindowsApps;;C:\Users\Taufique Alam\AppData\Local\Programs\Microsoft VS Code\bin
USERNAME=Taufique Alam
OS=Windows_NT
PROCESSOR_IDENTIFIER=Intel64 Family 6 Model 140 Stepping 1, GenuineIntel
TMP=C:\Users\TAUFIQ~1\AppData\Local\Temp
TEMP=C:\Users\TAUFIQ~1\AppData\Local\Temp


JNI global refs:
JNI global refs: 11, weak refs: 12

JNI global refs memory usage: 843, weak refs: 841

OOME stack traces (most recent first):
Classloader memory used:
Loader jdk.internal.loader.ClassLoaders$AppClassLoader                                 : 6078K
Loader bootstrap                                                                       : 1676K
Loader java.net.URLClassLoader                                                         : 67938B
Loader jdk.internal.jrtfs.JrtFileSystemProvider$JrtFsLoader                            : 41464B
Loader jdk.internal.loader.ClassLoaders$PlatformClassLoader                            : 36574B
Loader jdk.internal.reflect.DelegatingClassLoader                                      : 17428B

Classes loaded by more than one classloader:
Class jdk.internal.jimage.BasicImageReader$1                                          : loaded 2 times (x 75B)
Class jdk.internal.jimage.ImageBufferCache$1                                          : loaded 2 times (x 78B)
Class jdk.internal.jimage.ImageBufferCache$2                                          : loaded 2 times (x 89B)
Class jdk.internal.jimage.ImageReader$SharedImageReader                               : loaded 2 times (x 93B)
Class jdk.internal.jimage.decompressor.ZipDecompressorFactory                         : loaded 2 times (x 72B)
Class jdk.internal.jimage.ImageHeader                                                 : loaded 2 times (x 69B)
Class jdk.internal.jimage.decompressor.StringSharingDecompressorFactory               : loaded 2 times (x 72B)
Class jdk.internal.jimage.BasicImageReader                                            : loaded 2 times (x 93B)
Class jdk.internal.jimage.ImageLocation                                               : loaded 2 times (x 88B)
Class jdk.internal.jimage.ImageReader$Node                                            : loaded 2 times (x 82B)
Class jdk.internal.jimage.decompressor.CompressedResourceHeader                       : loaded 2 times (x 69B)
Class jdk.internal.jrtfs.JrtPath                                                      : loaded 2 times (x 116B)
Class jdk.internal.jimage.ImageStrings                                                : loaded 2 times (x 68B)
Class jdk.internal.jimage.decompressor.ResourceDecompressorRepository                 : loaded 2 times (x 69B)
Class jdk.internal.jimage.decompressor.ResourceDecompressor$StringsProvider           : loaded 2 times (x 68B)
Class jdk.internal.jimage.decompressor.Decompressor                                   : loaded 2 times (x 70B)
Class jdk.internal.jrtfs.JrtFileSystem                                                : loaded 2 times (x 100B)
Class jdk.internal.jrtfs.JrtFileSystemProvider                                        : loaded 2 times (x 97B)
Class jdk.internal.jimage.decompressor.ResourceDecompressor                           : loaded 2 times (x 68B)
Class jdk.internal.jimage.ImageStringsReader                                          : loaded 2 times (x 78B)
Class jdk.internal.jimage.decompressor.ResourceDecompressorFactory                    : loaded 2 times (x 72B)
Class jdk.internal.jimage.decompressor.ZipDecompressor                                : loaded 2 times (x 73B)
Class jdk.internal.jimage.ImageReader                                                 : loaded 2 times (x 73B)
Class jdk.internal.jimage.ImageBufferCache                                            : loaded 2 times (x 69B)
Class jdk.internal.jimage.ImageReader$Directory                                       : loaded 2 times (x 82B)


---------------  S Y S T E M  ---------------

OS:
 Windows 11 , 64 bit Build 22621 (10.0.22621.2506)
OS uptime: 5 days 23:13 hours
Hyper-V role detected

CPU: total 4 (initial active 4) (2 cores per cpu, 2 threads per core) family 6 model 140 stepping 1 microcode 0xaa, cx8, cmov, fxsr, ht, mmx, 3dnowpref, sse, sse2, sse3, ssse3, sse4.1, sse4.2, popcnt, lzcnt, tsc, tscinvbit, avx, avx2, aes, erms, clmul, bmi1, bmi2, adx, avx512f, avx512dq, avx512cd, avx512bw, avx512vl, sha, fma, vzeroupper, avx512_vpopcntdq, avx512_vpclmulqdq, avx512_vaes, avx512_vnni, clflush, clflushopt, clwb, avx512_vbmi2, avx512_vbmi, hv

Memory: 4k page, system-wide physical 7975M (590M free)
TotalPageFile size 20381M (AvailPageFile size 8M)
current process WorkingSet (physical memory assigned to process): 366M, peak: 367M
current process commit charge ("private bytes"): 394M, peak: 397M

vm_info: OpenJDK 64-Bit Server VM (17.0.7+0-b2043.56-10550314) for windows-amd64 JRE (17.0.7+0-b2043.56-10550314), built on Jul 24 2023 18:27:45 by "androidbuild" with MS VC++ 16.10 / 16.11 (VS2019)

END.
