#
# There is insufficient memory for the Java Runtime Environment to continue.
# Native memory allocation (mmap) failed to map 132120576 bytes for G1 virtual space
# Possible reasons:
#   The system is out of physical RAM or swap space
#   The process is running with CompressedOops enabled, and the Java Heap may be blocking the growth of the native heap
# Possible solutions:
#   Reduce memory load on the system
#   Increase physical memory or swap space
#   Check if swap backing store is full
#   Decrease Java heap size (-Xmx/-Xms)
#   Decrease number of Java threads
#   Decrease Java thread stack sizes (-Xss)
#   Set larger code cache with -XX:ReservedCodeCacheSize=
#   JVM is running with Unscaled Compressed Oops mode in which the Java heap is
#     placed in the first 4GB address space. The Java Heap base address is the
#     maximum limit for the native heap growth. Please use -XX:HeapBaseMinAddress
#     to set the Java Heap base and to place the Java Heap above 4GB virtual address.
# This output file may be truncated or incomplete.
#
#  Out of Memory Error (os_windows.cpp:3771), pid=3996, tid=18600
#
# JRE version:  (17.0.7) (build )
# Java VM: OpenJDK 64-Bit Server VM (17.0.7+0-b2043.56-10550314, mixed mode, sharing, tiered, compressed oops, compressed class ptrs, g1 gc, windows-amd64)
# No core dump will be written. Minidumps are not enabled by default on client versions of Windows
#

---------------  S U M M A R Y ------------

Command Line: org.jetbrains.kotlin.cli.jvm.K2JVMCompiler @C:\Users\Taufique Alam\AndroidStudioProjects\WeekWatch\app\build\20240122_3569518251554555823.compiler.options

Host: 11th Gen Intel(R) Core(TM) i3-1115G4 @ 3.00GHz, 4 cores, 7G,  Windows 11 , 64 bit Build 22621 (10.0.22621.2506)
Time: Mon Jan 22 14:59:32 2024 India Standard Time elapsed time: 0.166122 seconds (0d 0h 0m 0s)

---------------  T H R E A D  ---------------

Current thread (0x000002043097c2c0):  JavaThread "Unknown thread" [_thread_in_vm, id=18600, stack(0x000000badbf00000,0x000000badc000000)]

Stack: [0x000000badbf00000,0x000000badc000000]
Native frames: (J=compiled Java code, j=interpreted, Vv=VM code, C=native code)
V  [jvm.dll+0x683bfa]
V  [jvm.dll+0x8430a4]
V  [jvm.dll+0x8449be]
V  [jvm.dll+0x845023]
V  [jvm.dll+0x24ad2f]
V  [jvm.dll+0x680ac9]
V  [jvm.dll+0x67519a]
V  [jvm.dll+0x30b3cb]
V  [jvm.dll+0x312876]
V  [jvm.dll+0x36221e]
V  [jvm.dll+0x36244f]
V  [jvm.dll+0x2e14a8]
V  [jvm.dll+0x2e2414]
V  [jvm.dll+0x814391]
V  [jvm.dll+0x36ffe1]
V  [jvm.dll+0x7f396c]
V  [jvm.dll+0x3f305f]
V  [jvm.dll+0x3f4b91]
C  [jli.dll+0x528f]
C  [ucrtbase.dll+0x29363]
C  [KERNEL32.DLL+0x1257d]
C  [ntdll.dll+0x5aa58]


---------------  P R O C E S S  ---------------

Threads class SMR info:
_java_thread_list=0x00007ffd3c56d098, length=0, elements={
}

Java Threads: ( => current thread )

Other Threads:
  0x00000204309d8fa0 GCTaskThread "GC Thread#0" [stack: 0x000000badc100000,0x000000badc200000] [id=9624]
  0x00000204309e9820 ConcurrentGCThread "G1 Main Marker" [stack: 0x000000badc200000,0x000000badc300000] [id=14720]
  0x00000204309ea230 ConcurrentGCThread "G1 Conc#0" [stack: 0x000000badc300000,0x000000badc400000] [id=2624]

[error occurred during error reporting (printing all threads), id 0xc0000005, EXCEPTION_ACCESS_VIOLATION (0xc0000005) at pc=0x00007ffd3bd22087]

VM state: not at safepoint (not fully initialized)

VM Mutex/Monitor currently owned by a thread:  ([mutex/lock_event])
[0x0000020430978bc0] Heap_lock - owner thread: 0x000002043097c2c0

Heap address: 0x0000000083600000, size: 1994 MB, Compressed Oops mode: 32-bit

CDS archive(s) mapped at: [0x0000000000000000-0x0000000000000000-0x0000000000000000), size 0, SharedBaseAddress: 0x0000000800000000, ArchiveRelocationMode: 0.
Narrow klass base: 0x0000000000000000, Narrow klass shift: 0, Narrow klass range: 0x0

GC Precious Log:
<Empty>

Heap:
 garbage-first heap   total 0K, used 0K [0x0000000083600000, 0x0000000100000000)
  region size 1024K, 0 young (0K), 0 survivors (0K)
 Metaspace       used 0K, committed 0K, reserved 0K
  class space    used 0K, committed 0K, reserved 0K

Heap Regions: E=young(eden), S=young(survivor), O=old, HS=humongous(starts), HC=humongous(continues), CS=collection set, F=free, OA=open archive, CA=closed archive, TAMS=top-at-mark-start (previous, next)

Card table byte_map: [0x0000020443240000,0x0000020443630000] _byte_map_base: 0x0000020442e25000

Marking Bits (Prev, Next): (CMBitMap*) 0x00000204309d95b0, (CMBitMap*) 0x00000204309d95f0
 Prev Bits: [0x0000020443a20000, 0x0000020445948000)
 Next Bits: [0x0000020445950000, 0x0000020447878000)

GC Heap History (0 events):
No events

Dll operation events (1 events):
Event: 0.088 Loaded shared library C:\Program Files\Android\Android Studio\jbr\bin\java.dll

Deoptimization events (0 events):
No events

Classes unloaded (0 events):
No events

Classes redefined (0 events):
No events

Internal exceptions (0 events):
No events

VM Operations (0 events):
No events

Events (0 events):
No events


Dynamic libraries:
0x00007ff7506c0000 - 0x00007ff7506ca000 	C:\Program Files\Android\Android Studio\jbr\bin\java.exe
0x00007ffda4bb0000 - 0x00007ffda4dc7000 	C:\Windows\SYSTEM32\ntdll.dll
0x00007ffda3f90000 - 0x00007ffda4054000 	C:\Windows\System32\KERNEL32.DLL
0x00007ffda21d0000 - 0x00007ffda2576000 	C:\Windows\System32\KERNELBASE.dll
0x00007ffda1f90000 - 0x00007ffda20a1000 	C:\Windows\System32\ucrtbase.dll
0x00007ffd50480000 - 0x00007ffd50497000 	C:\Program Files\Android\Android Studio\jbr\bin\jli.dll
0x00007ffda2980000 - 0x00007ffda2b2e000 	C:\Windows\System32\USER32.dll
0x00007ffda2760000 - 0x00007ffda2786000 	C:\Windows\System32\win32u.dll
0x00007ffda4290000 - 0x00007ffda42b9000 	C:\Windows\System32\GDI32.dll
0x00007ffda2580000 - 0x00007ffda2698000 	C:\Windows\System32\gdi32full.dll
0x00007ffda1ef0000 - 0x00007ffda1f8a000 	C:\Windows\System32\msvcp_win.dll
0x00007ffd90910000 - 0x00007ffd9092b000 	C:\Program Files\Android\Android Studio\jbr\bin\VCRUNTIME140.dll
0x00007ffd8bfb0000 - 0x00007ffd8c243000 	C:\Windows\WinSxS\amd64_microsoft.windows.common-controls_6595b64144ccf1df_6.0.22621.2506_none_270c5ae97388e100\COMCTL32.dll
0x00007ffda3ee0000 - 0x00007ffda3f87000 	C:\Windows\System32\msvcrt.dll
0x00007ffda3190000 - 0x00007ffda31c1000 	C:\Windows\System32\IMM32.DLL
0x00007ffd9cd50000 - 0x00007ffd9cd5c000 	C:\Program Files\Android\Android Studio\jbr\bin\vcruntime140_1.dll
0x00007ffd5c320000 - 0x00007ffd5c3ad000 	C:\Program Files\Android\Android Studio\jbr\bin\msvcp140.dll
0x00007ffd3ba30000 - 0x00007ffd3c6b0000 	C:\Program Files\Android\Android Studio\jbr\bin\server\jvm.dll
0x00007ffda4060000 - 0x00007ffda4113000 	C:\Windows\System32\ADVAPI32.dll
0x00007ffda4480000 - 0x00007ffda4528000 	C:\Windows\System32\sechost.dll
0x00007ffda21a0000 - 0x00007ffda21c8000 	C:\Windows\System32\bcrypt.dll
0x00007ffda31d0000 - 0x00007ffda32e7000 	C:\Windows\System32\RPCRT4.dll
0x00007ffd8d610000 - 0x00007ffd8d619000 	C:\Windows\SYSTEM32\WSOCK32.dll
0x00007ffda42c0000 - 0x00007ffda4331000 	C:\Windows\System32\WS2_32.dll
0x00007ffd98170000 - 0x00007ffd981a4000 	C:\Windows\SYSTEM32\WINMM.dll
0x00007ffd930d0000 - 0x00007ffd930da000 	C:\Windows\SYSTEM32\VERSION.dll
0x00007ffda0f20000 - 0x00007ffda0f38000 	C:\Windows\SYSTEM32\kernel.appcore.dll
0x00007ffd804f0000 - 0x00007ffd804fa000 	C:\Program Files\Android\Android Studio\jbr\bin\jimage.dll
0x00007ffd9f700000 - 0x00007ffd9f933000 	C:\Windows\SYSTEM32\DBGHELP.DLL
0x00007ffda3b50000 - 0x00007ffda3ed9000 	C:\Windows\System32\combase.dll
0x00007ffda3040000 - 0x00007ffda3117000 	C:\Windows\System32\OLEAUT32.dll
0x00007ffd8a5f0000 - 0x00007ffd8a622000 	C:\Windows\SYSTEM32\dbgcore.DLL
0x00007ffda2120000 - 0x00007ffda219a000 	C:\Windows\System32\bcryptPrimitives.dll
0x00007ffd505b0000 - 0x00007ffd505d5000 	C:\Program Files\Android\Android Studio\jbr\bin\java.dll

dbghelp: loaded successfully - version: 4.0.5 - missing functions: none
symbol engine: initialized successfully - sym options: 0x614 - pdb path: .;C:\Program Files\Android\Android Studio\jbr\bin;C:\Windows\SYSTEM32;C:\Windows\WinSxS\amd64_microsoft.windows.common-controls_6595b64144ccf1df_6.0.22621.2506_none_270c5ae97388e100;C:\Program Files\Android\Android Studio\jbr\bin\server

VM Arguments:
java_command: org.jetbrains.kotlin.cli.jvm.K2JVMCompiler @C:\Users\Taufique Alam\AndroidStudioProjects\WeekWatch\app\build\20240122_3569518251554555823.compiler.options
java_class_path (initial): C:\Users\Taufique Alam\.gradle\caches\modules-2\files-2.1\org.jetbrains.kotlin\kotlin-compiler-embeddable\1.8.10\b0757fd774344d54ce93f5ad6c30ba1c1731c8ff\kotlin-compiler-embeddable-1.8.10.jar;C:\Users\Taufique Alam\.gradle\caches\modules-2\files-2.1\org.jetbrains.kotlin\kotlin-stdlib\1.8.10\6d5560a229477df9406943d5feda5618e98eb64c\kotlin-stdlib-1.8.10.jar;C:\Users\Taufique Alam\.gradle\caches\modules-2\files-2.1\org.jetbrains.kotlin\kotlin-script-runtime\1.8.10\b13ea9c7e46d589139e56086a878763290e20bd5\kotlin-script-runtime-1.8.10.jar;C:\Users\Taufique Alam\.gradle\caches\modules-2\files-2.1\org.jetbrains.kotlin\kotlin-reflect\1.6.10\1cbe9c92c12a94eea200d23c2bbaedaf3daf5132\kotlin-reflect-1.6.10.jar;C:\Users\Taufique Alam\.gradle\caches\modules-2\files-2.1\org.jetbrains.kotlin\kotlin-daemon-embeddable\1.8.10\ad8541d9bc1cf9e52c3204161247910c2cf601d4\kotlin-daemon-embeddable-1.8.10.jar;C:\Users\Taufique Alam\.gradle\caches\modules-2\files-2.1\org.jetbrains.intellij.deps\trove4j\1.0.20200330\3afb14d5f9ceb459d724e907a21145e8ff394f02\trove4j-1.0.20200330.jar;C:\Users\Taufique Alam\.gradle\caches\modules-2\files-2.1\net.java.dev.jna\jna\5.6.0\330f2244e9030119ab3030fc3fededc86713d9cc\jna-5.6.0.jar;C:\Users\Taufique Alam\.gradle\caches\modules-2\files-2.1\org.jetbrains.kotlin\kotlin-stdlib-common\1.8.10\a61b182458550492c12aee66157d7b524a63a5ec\kotlin-stdlib-common-1.8.10.jar;C:\Users\Taufique Alam\.gradle\caches\modules-2\files-2.1\org.jetbrains\annotations\13.0\919f0dfe192fb4e063e7dacadee7f8bb9a2672a9\annotations-13.0.jar
Launcher Type: SUN_STANDARD

[Global flags]
     intx CICompilerCount                          = 3                                         {product} {ergonomic}
     uint ConcGCThreads                            = 1                                         {product} {ergonomic}
     uint G1ConcRefinementThreads                  = 4                                         {product} {ergonomic}
   size_t G1HeapRegionSize                         = 1048576                                   {product} {ergonomic}
    uintx GCDrainStackTargetSize                   = 64                                        {product} {ergonomic}
   size_t InitialHeapSize                          = 132120576                                 {product} {ergonomic}
   size_t MarkStackSize                            = 4194304                                   {product} {ergonomic}
   size_t MaxHeapSize                              = 2090860544                                {product} {ergonomic}
   size_t MinHeapDeltaBytes                        = 1048576                                   {product} {ergonomic}
   size_t MinHeapSize                              = 8388608                                   {product} {ergonomic}
    uintx NonNMethodCodeHeapSize                   = 5832780                                {pd product} {ergonomic}
    uintx NonProfiledCodeHeapSize                  = 122912730                              {pd product} {ergonomic}
    uintx ProfiledCodeHeapSize                     = 122912730                              {pd product} {ergonomic}
    uintx ReservedCodeCacheSize                    = 251658240                              {pd product} {ergonomic}
     bool SegmentedCodeCache                       = true                                      {product} {ergonomic}
   size_t SoftMaxHeapSize                          = 2090860544                             {manageable} {ergonomic}
     bool UseCompressedClassPointers               = true                           {product lp64_product} {ergonomic}
     bool UseCompressedOops                        = true                           {product lp64_product} {ergonomic}
     bool UseG1GC                                  = true                                      {product} {ergonomic}
     bool UseLargePagesIndividualAllocation        = false                                  {pd product} {ergonomic}

Logging:
Log output configuration:
 #0: stdout all=warning uptime,level,tags
 #1: stderr all=off uptime,level,tags

Environment Variables:
PATH=C:\Windows\system32;C:\Windows;C:\Windows\System32\Wbem;C:\Windows\System32\WindowsPowerShell\v1.0\;C:\Windows\System32\OpenSSH\;C:\Program Files\Git\cmd;C:\Users\Taufique Alam\AppData\Local\Microsoft\WindowsApps;;C:\Users\Taufique Alam\AppData\Local\Programs\Microsoft VS Code\bin
USERNAME=Taufique Alam
OS=Windows_NT
PROCESSOR_IDENTIFIER=Intel64 Family 6 Model 140 Stepping 1, GenuineIntel
TMP=C:\Users\TAUFIQ~1\AppData\Local\Temp
TEMP=C:\Users\TAUFIQ~1\AppData\Local\Temp


JNI global refs:
JNI global refs: 0, weak refs: 0

JNI global refs memory usage: 0, weak refs: 0

OOME stack traces (most recent first):
Classloader memory used:


---------------  S Y S T E M  ---------------

OS:
 Windows 11 , 64 bit Build 22621 (10.0.22621.2506)
OS uptime: 5 days 23:10 hours
Hyper-V role detected

CPU: total 4 (initial active 4) (2 cores per cpu, 2 threads per core) family 6 model 140 stepping 1 microcode 0xaa, cx8, cmov, fxsr, ht, mmx, 3dnowpref, sse, sse2, sse3, ssse3, sse4.1, sse4.2, popcnt, lzcnt, tsc, tscinvbit, avx, avx2, aes, erms, clmul, bmi1, bmi2, adx, avx512f, avx512dq, avx512cd, avx512bw, avx512vl, sha, fma, vzeroupper, avx512_vpopcntdq, avx512_vpclmulqdq, avx512_vaes, avx512_vnni, clflush, clflushopt, clwb, avx512_vbmi2, avx512_vbmi, hv

Memory: 4k page, system-wide physical 7975M (83M free)
TotalPageFile size 20381M (AvailPageFile size 114M)
current process WorkingSet (physical memory assigned to process): 11M, peak: 11M
current process commit charge ("private bytes"): 51M, peak: 177M

vm_info: OpenJDK 64-Bit Server VM (17.0.7+0-b2043.56-10550314) for windows-amd64 JRE (17.0.7+0-b2043.56-10550314), built on Jul 24 2023 18:27:45 by "androidbuild" with MS VC++ 16.10 / 16.11 (VS2019)

END.
